This is pdfTeX, Version 3.1415926-2.4-1.40.13 (MiKTeX 2.9 64-bit) (preloaded format=pdflatex 2014.1.22)  6 SEP 2015 15:31
entering extended mode
**magistrska_timotej_gaspar.tex
(C:\Users\Vaio\Documents\GitHub\Diploma\magistrska_timotej_gaspar.tex
LaTeX2e <2011/06/27>
Babel <v3.8m> and hyphenation patterns for english, afrikaans, ancientgreek, ar
abic, armenian, assamese, basque, bengali, bokmal, bulgarian, catalan, coptic, 
croatian, czech, danish, dutch, esperanto, estonian, farsi, finnish, french, ga
lician, german, german-x-2012-05-30, greek, gujarati, hindi, hungarian, iceland
ic, indonesian, interlingua, irish, italian, kannada, kurmanji, latin, latvian,
 lithuanian, malayalam, marathi, mongolian, mongolianlmc, monogreek, ngerman, n
german-x-2012-05-30, nynorsk, oriya, panjabi, pinyin, polish, portuguese, roman
ian, russian, sanskrit, serbian, slovak, slovenian, spanish, swedish, swissgerm
an, tamil, telugu, turkish, turkmen, ukenglish, ukrainian, uppersorbian, usengl
ishmax, welsh, loaded.
("C:\Program Files\MiKTeX 2.9\tex\latex\base\book.cls"
Document Class: book 2007/10/19 v1.4h Standard LaTeX document class
("C:\Program Files\MiKTeX 2.9\tex\latex\base\bk12.clo"
File: bk12.clo 2007/10/19 v1.4h Standard LaTeX file (size option)
)
\c@part=\count79
\c@chapter=\count80
\c@section=\count81
\c@subsection=\count82
\c@subsubsection=\count83
\c@paragraph=\count84
\c@subparagraph=\count85
\c@figure=\count86
\c@table=\count87
\abovecaptionskip=\skip41
\belowcaptionskip=\skip42
\bibindent=\dimen102
)
("C:\Program Files\MiKTeX 2.9\tex\latex\base\inputenc.sty"
Package: inputenc 2008/03/30 v1.1d Input encoding file
\inpenc@prehook=\toks14
\inpenc@posthook=\toks15

("C:\Program Files\MiKTeX 2.9\tex\latex\base\cp1250.def"
File: cp1250.def 2008/03/30 v1.1d Input encoding file
))
("C:\Program Files\MiKTeX 2.9\tex\latex\pgf\frontendlayer\tikz.sty"
("C:\Program Files\MiKTeX 2.9\tex\latex\pgf\basiclayer\pgf.sty"
("C:\Program Files\MiKTeX 2.9\tex\latex\pgf\utilities\pgfrcs.sty"
("C:\Program Files\MiKTeX 2.9\tex\generic\pgf\utilities\pgfutil-common.tex"
\pgfutil@everybye=\toks16
)
("C:\Program Files\MiKTeX 2.9\tex\generic\pgf\utilities\pgfutil-latex.def"
\pgfutil@abb=\box26

("C:\Program Files\MiKTeX 2.9\tex\latex\ms\everyshi.sty"
Package: everyshi 2001/05/15 v3.00 EveryShipout Package (MS)
))
("C:\Program Files\MiKTeX 2.9\tex\generic\pgf\utilities\pgfrcs.code.tex"
Package: pgfrcs 2010/10/25 v2.10 (rcs-revision 1.24)
))
Package: pgf 2008/01/15 v2.10 (rcs-revision 1.12)

("C:\Program Files\MiKTeX 2.9\tex\latex\pgf\basiclayer\pgfcore.sty"
("C:\Program Files\MiKTeX 2.9\tex\latex\graphics\graphicx.sty"
Package: graphicx 1999/02/16 v1.0f Enhanced LaTeX Graphics (DPC,SPQR)

("C:\Program Files\MiKTeX 2.9\tex\latex\graphics\keyval.sty"
Package: keyval 1999/03/16 v1.13 key=value parser (DPC)
\KV@toks@=\toks17
)
("C:\Program Files\MiKTeX 2.9\tex\latex\graphics\graphics.sty"
Package: graphics 2009/02/05 v1.0o Standard LaTeX Graphics (DPC,SPQR)

("C:\Program Files\MiKTeX 2.9\tex\latex\graphics\trig.sty"
Package: trig 1999/03/16 v1.09 sin cos tan (DPC)
)
("C:\Program Files\MiKTeX 2.9\tex\latex\00miktex\graphics.cfg"
File: graphics.cfg 2007/01/18 v1.5 graphics configuration of teTeX/TeXLive
)
Package graphics Info: Driver file: pdftex.def on input line 91.

("C:\Program Files\MiKTeX 2.9\tex\latex\pdftex-def\pdftex.def"
File: pdftex.def 2011/05/27 v0.06d Graphics/color for pdfTeX

("C:\Program Files\MiKTeX 2.9\tex\generic\oberdiek\infwarerr.sty"
Package: infwarerr 2010/04/08 v1.3 Providing info/warning/error messages (HO)
)
("C:\Program Files\MiKTeX 2.9\tex\generic\oberdiek\ltxcmds.sty"
Package: ltxcmds 2011/11/09 v1.22 LaTeX kernel commands for general use (HO)
)
\Gread@gobject=\count88
))
\Gin@req@height=\dimen103
\Gin@req@width=\dimen104
)
("C:\Program Files\MiKTeX 2.9\tex\latex\pgf\systemlayer\pgfsys.sty"
("C:\Program Files\MiKTeX 2.9\tex\generic\pgf\systemlayer\pgfsys.code.tex"
Package: pgfsys 2010/06/30 v2.10 (rcs-revision 1.37)

("C:\Program Files\MiKTeX 2.9\tex\generic\pgf\utilities\pgfkeys.code.tex"
\pgfkeys@pathtoks=\toks18
\pgfkeys@temptoks=\toks19

("C:\Program Files\MiKTeX 2.9\tex\generic\pgf\utilities\pgfkeysfiltered.code.te
x"
\pgfkeys@tmptoks=\toks20
))
\pgf@x=\dimen105
\pgf@y=\dimen106
\pgf@xa=\dimen107
\pgf@ya=\dimen108
\pgf@xb=\dimen109
\pgf@yb=\dimen110
\pgf@xc=\dimen111
\pgf@yc=\dimen112
\w@pgf@writea=\write3
\r@pgf@reada=\read1
\c@pgf@counta=\count89
\c@pgf@countb=\count90
\c@pgf@countc=\count91
\c@pgf@countd=\count92
 ("C:\Program Files\MiKTeX 2.9\tex\generic\pgf\systemlayer\pgf.cfg"
File: pgf.cfg 2008/05/14  (rcs-revision 1.7)
)
Package pgfsys Info: Driver file for pgf: pgfsys-pdftex.def on input line 900.

("C:\Program Files\MiKTeX 2.9\tex\generic\pgf\systemlayer\pgfsys-pdftex.def"
File: pgfsys-pdftex.def 2009/05/22  (rcs-revision 1.26)

("C:\Program Files\MiKTeX 2.9\tex\generic\pgf\systemlayer\pgfsys-common-pdf.def
"
File: pgfsys-common-pdf.def 2008/05/19  (rcs-revision 1.10)
)))
("C:\Program Files\MiKTeX 2.9\tex\generic\pgf\systemlayer\pgfsyssoftpath.code.t
ex"
File: pgfsyssoftpath.code.tex 2008/07/18  (rcs-revision 1.7)
\pgfsyssoftpath@smallbuffer@items=\count93
\pgfsyssoftpath@bigbuffer@items=\count94
)
("C:\Program Files\MiKTeX 2.9\tex\generic\pgf\systemlayer\pgfsysprotocol.code.t
ex"
File: pgfsysprotocol.code.tex 2006/10/16  (rcs-revision 1.4)
)) ("C:\Program Files\MiKTeX 2.9\tex\latex\xcolor\xcolor.sty"
Package: xcolor 2007/01/21 v2.11 LaTeX color extensions (UK)

("C:\Program Files\MiKTeX 2.9\tex\latex\00miktex\color.cfg"
File: color.cfg 2007/01/18 v1.5 color configuration of teTeX/TeXLive
)
Package xcolor Info: Driver file: pdftex.def on input line 225.
Package xcolor Info: Model `cmy' substituted by `cmy0' on input line 1337.
Package xcolor Info: Model `hsb' substituted by `rgb' on input line 1341.
Package xcolor Info: Model `RGB' extended on input line 1353.
Package xcolor Info: Model `HTML' substituted by `rgb' on input line 1355.
Package xcolor Info: Model `Hsb' substituted by `hsb' on input line 1356.
Package xcolor Info: Model `tHsb' substituted by `hsb' on input line 1357.
Package xcolor Info: Model `HSB' substituted by `hsb' on input line 1358.
Package xcolor Info: Model `Gray' substituted by `gray' on input line 1359.
Package xcolor Info: Model `wave' substituted by `hsb' on input line 1360.
)
("C:\Program Files\MiKTeX 2.9\tex\generic\pgf\basiclayer\pgfcore.code.tex"
Package: pgfcore 2010/04/11 v2.10 (rcs-revision 1.7)

("C:\Program Files\MiKTeX 2.9\tex\generic\pgf\math\pgfmath.code.tex"
("C:\Program Files\MiKTeX 2.9\tex\generic\pgf\math\pgfmathcalc.code.tex"
("C:\Program Files\MiKTeX 2.9\tex\generic\pgf\math\pgfmathutil.code.tex")
("C:\Program Files\MiKTeX 2.9\tex\generic\pgf\math\pgfmathparser.code.tex"
\pgfmath@dimen=\dimen113
\pgfmath@count=\count95
\pgfmath@box=\box27
\pgfmath@toks=\toks21
\pgfmath@stack@operand=\toks22
\pgfmath@stack@operation=\toks23
)
("C:\Program Files\MiKTeX 2.9\tex\generic\pgf\math\pgfmathfunctions.code.tex"
("C:\Program Files\MiKTeX 2.9\tex\generic\pgf\math\pgfmathfunctions.basic.code.
tex")
("C:\Program Files\MiKTeX 2.9\tex\generic\pgf\math\pgfmathfunctions.trigonometr
ic.code.tex")
("C:\Program Files\MiKTeX 2.9\tex\generic\pgf\math\pgfmathfunctions.random.code
.tex")
("C:\Program Files\MiKTeX 2.9\tex\generic\pgf\math\pgfmathfunctions.comparison.
code.tex")
("C:\Program Files\MiKTeX 2.9\tex\generic\pgf\math\pgfmathfunctions.base.code.t
ex")
("C:\Program Files\MiKTeX 2.9\tex\generic\pgf\math\pgfmathfunctions.round.code.
tex")
("C:\Program Files\MiKTeX 2.9\tex\generic\pgf\math\pgfmathfunctions.misc.code.t
ex"))) ("C:\Program Files\MiKTeX 2.9\tex\generic\pgf\math\pgfmathfloat.code.tex
"
\c@pgfmathroundto@lastzeros=\count96
))
("C:\Program Files\MiKTeX 2.9\tex\generic\pgf\basiclayer\pgfcorepoints.code.tex
"
File: pgfcorepoints.code.tex 2010/04/09  (rcs-revision 1.20)
\pgf@picminx=\dimen114
\pgf@picmaxx=\dimen115
\pgf@picminy=\dimen116
\pgf@picmaxy=\dimen117
\pgf@pathminx=\dimen118
\pgf@pathmaxx=\dimen119
\pgf@pathminy=\dimen120
\pgf@pathmaxy=\dimen121
\pgf@xx=\dimen122
\pgf@xy=\dimen123
\pgf@yx=\dimen124
\pgf@yy=\dimen125
\pgf@zx=\dimen126
\pgf@zy=\dimen127
)
("C:\Program Files\MiKTeX 2.9\tex\generic\pgf\basiclayer\pgfcorepathconstruct.c
ode.tex"
File: pgfcorepathconstruct.code.tex 2010/08/03  (rcs-revision 1.24)
\pgf@path@lastx=\dimen128
\pgf@path@lasty=\dimen129
)
("C:\Program Files\MiKTeX 2.9\tex\generic\pgf\basiclayer\pgfcorepathusage.code.
tex"
File: pgfcorepathusage.code.tex 2008/04/22  (rcs-revision 1.12)
\pgf@shorten@end@additional=\dimen130
\pgf@shorten@start@additional=\dimen131
)
("C:\Program Files\MiKTeX 2.9\tex\generic\pgf\basiclayer\pgfcorescopes.code.tex
"
File: pgfcorescopes.code.tex 2010/09/08  (rcs-revision 1.34)
\pgfpic=\box28
\pgf@hbox=\box29
\pgf@layerbox@main=\box30
\pgf@picture@serial@count=\count97
)
("C:\Program Files\MiKTeX 2.9\tex\generic\pgf\basiclayer\pgfcoregraphicstate.co
de.tex"
File: pgfcoregraphicstate.code.tex 2008/04/22  (rcs-revision 1.9)
\pgflinewidth=\dimen132
)
("C:\Program Files\MiKTeX 2.9\tex\generic\pgf\basiclayer\pgfcoretransformations
.code.tex"
File: pgfcoretransformations.code.tex 2009/06/10  (rcs-revision 1.11)
\pgf@pt@x=\dimen133
\pgf@pt@y=\dimen134
\pgf@pt@temp=\dimen135
)
("C:\Program Files\MiKTeX 2.9\tex\generic\pgf\basiclayer\pgfcorequick.code.tex"
File: pgfcorequick.code.tex 2008/10/09  (rcs-revision 1.3)
)
("C:\Program Files\MiKTeX 2.9\tex\generic\pgf\basiclayer\pgfcoreobjects.code.te
x"
File: pgfcoreobjects.code.tex 2006/10/11  (rcs-revision 1.2)
)
("C:\Program Files\MiKTeX 2.9\tex\generic\pgf\basiclayer\pgfcorepathprocessing.
code.tex"
File: pgfcorepathprocessing.code.tex 2008/10/09  (rcs-revision 1.8)
)
("C:\Program Files\MiKTeX 2.9\tex\generic\pgf\basiclayer\pgfcorearrows.code.tex
"
File: pgfcorearrows.code.tex 2008/04/23  (rcs-revision 1.11)
)
("C:\Program Files\MiKTeX 2.9\tex\generic\pgf\basiclayer\pgfcoreshade.code.tex"
File: pgfcoreshade.code.tex 2008/11/23  (rcs-revision 1.13)
\pgf@max=\dimen136
\pgf@sys@shading@range@num=\count98
) ("C:\Program Files\MiKTeX 2.9\tex\generic\pgf\basiclayer\pgfcoreimage.code.te
x"
File: pgfcoreimage.code.tex 2010/03/25  (rcs-revision 1.16)

("C:\Program Files\MiKTeX 2.9\tex\generic\pgf\basiclayer\pgfcoreexternal.code.t
ex"
File: pgfcoreexternal.code.tex 2010/09/01  (rcs-revision 1.17)
\pgfexternal@startupbox=\box31
))
("C:\Program Files\MiKTeX 2.9\tex\generic\pgf\basiclayer\pgfcorelayers.code.tex
"
File: pgfcorelayers.code.tex 2010/08/27  (rcs-revision 1.2)
)
("C:\Program Files\MiKTeX 2.9\tex\generic\pgf\basiclayer\pgfcoretransparency.co
de.tex"
File: pgfcoretransparency.code.tex 2008/01/17  (rcs-revision 1.2)
)
("C:\Program Files\MiKTeX 2.9\tex\generic\pgf\basiclayer\pgfcorepatterns.code.t
ex"
File: pgfcorepatterns.code.tex 2009/07/02  (rcs-revision 1.3)
)))
("C:\Program Files\MiKTeX 2.9\tex\generic\pgf\modules\pgfmoduleshapes.code.tex"
File: pgfmoduleshapes.code.tex 2010/09/09  (rcs-revision 1.13)
\pgfnodeparttextbox=\box32
) ("C:\Program Files\MiKTeX 2.9\tex\generic\pgf\modules\pgfmoduleplot.code.tex"
File: pgfmoduleplot.code.tex 2010/10/22  (rcs-revision 1.8)
)
("C:\Program Files\MiKTeX 2.9\tex\latex\pgf\compatibility\pgfcomp-version-0-65.
sty"
Package: pgfcomp-version-0-65 2007/07/03 v2.10 (rcs-revision 1.7)
\pgf@nodesepstart=\dimen137
\pgf@nodesepend=\dimen138
)
("C:\Program Files\MiKTeX 2.9\tex\latex\pgf\compatibility\pgfcomp-version-1-18.
sty"
Package: pgfcomp-version-1-18 2007/07/23 v2.10 (rcs-revision 1.1)
)) ("C:\Program Files\MiKTeX 2.9\tex\latex\pgf\utilities\pgffor.sty"
("C:\Program Files\MiKTeX 2.9\tex\latex\pgf\utilities\pgfkeys.sty"
("C:\Program Files\MiKTeX 2.9\tex\generic\pgf\utilities\pgfkeys.code.tex"))
("C:\Program Files\MiKTeX 2.9\tex\generic\pgf\utilities\pgffor.code.tex"
Package: pgffor 2010/03/23 v2.10 (rcs-revision 1.18)
\pgffor@iter=\dimen139
\pgffor@skip=\dimen140
\pgffor@stack=\toks24
\pgffor@toks=\toks25
))
("C:\Program Files\MiKTeX 2.9\tex\generic\pgf\frontendlayer\tikz\tikz.code.tex"
Package: tikz 2010/10/13 v2.10 (rcs-revision 1.76)

("C:\Program Files\MiKTeX 2.9\tex\generic\pgf\libraries\pgflibraryplothandlers.
code.tex"
File: pgflibraryplothandlers.code.tex 2010/05/31 v2.10 (rcs-revision 1.15)
\pgf@plot@mark@count=\count99
\pgfplotmarksize=\dimen141
)
\tikz@lastx=\dimen142
\tikz@lasty=\dimen143
\tikz@lastxsaved=\dimen144
\tikz@lastysaved=\dimen145
\tikzleveldistance=\dimen146
\tikzsiblingdistance=\dimen147
\tikz@figbox=\box33
\tikz@tempbox=\box34
\tikztreelevel=\count100
\tikznumberofchildren=\count101
\tikznumberofcurrentchild=\count102
\tikz@fig@count=\count103

("C:\Program Files\MiKTeX 2.9\tex\generic\pgf\modules\pgfmodulematrix.code.tex"
File: pgfmodulematrix.code.tex 2010/08/24  (rcs-revision 1.4)
\pgfmatrixcurrentrow=\count104
\pgfmatrixcurrentcolumn=\count105
\pgf@matrix@numberofcolumns=\count106
)
\tikz@expandcount=\count107

("C:\Program Files\MiKTeX 2.9\tex\generic\pgf\frontendlayer\tikz\libraries\tikz
librarytopaths.code.tex"
File: tikzlibrarytopaths.code.tex 2008/06/17 v2.10 (rcs-revision 1.2)
)))
("C:\Program Files\MiKTeX 2.9\tex\latex\arydshln\arydshln.sty"
Package: arydshln 2004/08/31 v1.71 
\dashlinedash=\dimen148
\dashlinegap=\dimen149
\adl@box=\box35
\adl@height=\dimen150
\adl@heightsave=\dimen151
\adl@depth=\dimen152
\adl@depthsave=\dimen153
\adl@finaldepth=\dimen154
\adl@columns=\count108
\adl@ncol=\count109
\adl@currentcolumn=\count110
\adl@currentcolumnsave=\count111
\adl@totalheight=\count112
\adl@totalheightsave=\count113
\adl@dash=\count114
\adl@gap=\count115
\adl@cla=\count116
\adl@clb=\count117
\adl@everyvbox=\toks26
\adl@LTpagetotal=\dimen155
)
("C:\Program Files\MiKTeX 2.9\tex\latex\leftidx\leftidx.sty"
Package: leftidx 2003/09/24 v1.03 Left indices
)
(C:\Users\Vaio\Documents\GitHub\Diploma\mathtools.sty
Package: mathtools 2015/06/17 v1.17 mathematical typesetting tools

("C:\Program Files\MiKTeX 2.9\tex\latex\tools\calc.sty"
Package: calc 2007/08/22 v4.3 Infix arithmetic (KKT,FJ)
\calc@Acount=\count118
\calc@Bcount=\count119
\calc@Adimen=\dimen156
\calc@Bdimen=\dimen157
\calc@Askip=\skip43
\calc@Bskip=\skip44
LaTeX Info: Redefining \setlength on input line 76.
LaTeX Info: Redefining \addtolength on input line 77.
\calc@Ccount=\count120
\calc@Cskip=\skip45
)
(C:\Users\Vaio\Documents\GitHub\Diploma\mhsetup.sty
Package: mhsetup 2010/01/21 v1.2a programming setup (MH)
)
("C:\Program Files\MiKTeX 2.9\tex\latex\amsmath\amsmath.sty"
Package: amsmath 2013/01/14 v2.14 AMS math features
\@mathmargin=\skip46

For additional information on amsmath, use the `?' option.
("C:\Program Files\MiKTeX 2.9\tex\latex\amsmath\amstext.sty"
Package: amstext 2000/06/29 v2.01

("C:\Program Files\MiKTeX 2.9\tex\latex\amsmath\amsgen.sty"
File: amsgen.sty 1999/11/30 v2.0
\@emptytoks=\toks27
\ex@=\dimen158
))
("C:\Program Files\MiKTeX 2.9\tex\latex\amsmath\amsbsy.sty"
Package: amsbsy 1999/11/29 v1.2d
\pmbraise@=\dimen159
)
("C:\Program Files\MiKTeX 2.9\tex\latex\amsmath\amsopn.sty"
Package: amsopn 1999/12/14 v2.01 operator names
)
\inf@bad=\count121
LaTeX Info: Redefining \frac on input line 210.
\uproot@=\count122
\leftroot@=\count123
LaTeX Info: Redefining \overline on input line 306.
\classnum@=\count124
\DOTSCASE@=\count125
LaTeX Info: Redefining \ldots on input line 378.
LaTeX Info: Redefining \dots on input line 381.
LaTeX Info: Redefining \cdots on input line 466.
\Mathstrutbox@=\box36
\strutbox@=\box37
\big@size=\dimen160
LaTeX Font Info:    Redeclaring font encoding OML on input line 566.
LaTeX Font Info:    Redeclaring font encoding OMS on input line 567.
\macc@depth=\count126
\c@MaxMatrixCols=\count127
\dotsspace@=\muskip10
\c@parentequation=\count128
\dspbrk@lvl=\count129
\tag@help=\toks28
\row@=\count130
\column@=\count131
\maxfields@=\count132
\andhelp@=\toks29
\eqnshift@=\dimen161
\alignsep@=\dimen162
\tagshift@=\dimen163
\tagwidth@=\dimen164
\totwidth@=\dimen165
\lineht@=\dimen166
\@envbody=\toks30
\multlinegap=\skip47
\multlinetaggap=\skip48
\mathdisplay@stack=\toks31
LaTeX Info: Redefining \[ on input line 2665.
LaTeX Info: Redefining \] on input line 2666.
)
LaTeX Info: Thecontrolsequence`\['isalreadyrobust on input line 129.
LaTeX Info: Thecontrolsequence`\]'isalreadyrobust on input line 129.
\g_MT_multlinerow_int=\count133
\l_MT_multwidth_dim=\dimen167
\origjot=\skip49
\l_MT_shortvdotswithinadjustabove_dim=\dimen168
\l_MT_shortvdotswithinadjustbelow_dim=\dimen169
\l_MT_above_intertext_sep=\dimen170
\l_MT_below_intertext_sep=\dimen171
\l_MT_above_shortintertext_sep=\dimen172
\l_MT_below_shortintertext_sep=\dimen173
)
("C:\Program Files\MiKTeX 2.9\tex\latex\was\gensymb.sty"
Package: gensymb 2003/07/02 v1.0 (WaS)
)
("C:\Program Files\MiKTeX 2.9\tex\latex\subfigure\subfigure.sty"
Package: subfigure 2002/07/30 v2.1.4 subfigure package
\subfigtopskip=\skip50
\subfigcapskip=\skip51
\subfigcaptopadj=\dimen174
\subfigbottomskip=\skip52
\subfigcapmargin=\dimen175
\subfiglabelskip=\skip53
\c@subfigure=\count134
\c@lofdepth=\count135
\c@subtable=\count136
\c@lotdepth=\count137

****************************************
* Local config file subfigure.cfg used *
****************************************
("C:\Program Files\MiKTeX 2.9\tex\latex\subfigure\subfigure.cfg")
\subfig@top=\skip54
\subfig@bottom=\skip55
)
("C:\Program Files\MiKTeX 2.9\tex\latex\tools\hhline.sty"
Package: hhline 1994/05/23 v2.03 Table rule package (DPC)
)
("C:\Program Files\MiKTeX 2.9\tex\generic\xypic\xy.sty"
("C:\Program Files\MiKTeX 2.9\tex\generic\xypic\xy.tex" Bootstrap'ing:
catcodes, docmode, ("C:\Program Files\MiKTeX 2.9\tex\generic\xypic\xyrecat.tex"
) ("C:\Program Files\MiKTeX 2.9\tex\generic\xypic\xyidioms.tex")

 Xy-pic version 3.8.8 <2012/05/24>
 Copyright (c) 1991-2011 by Kristoffer H. Rose <krisrose@tug.org>
 Xy-pic is free software: see the User's Guide for details.

Loading kernel: messages; fonts; allocations: state,
\X@c=\dimen176
\Y@c=\dimen177
\U@c=\dimen178
\D@c=\dimen179
\L@c=\dimen180
\R@c=\dimen181
\Edge@c=\toks32
\X@p=\dimen182
\Y@p=\dimen183
\U@p=\dimen184
\D@p=\dimen185
\L@p=\dimen186
\R@p=\dimen187
\Edge@p=\toks33
\X@origin=\dimen188
\Y@origin=\dimen189
\X@xbase=\dimen190
\Y@xbase=\dimen191
\X@ybase=\dimen192
\Y@ybase=\dimen193
\X@min=\dimen194
\Y@min=\dimen195
\X@max=\dimen196
\Y@max=\dimen197
\lastobjectbox@=\box38
\zerodotbox@=\box39
\almostz@=\dimen198
 direction,
\d@X=\dimen199
\d@Y=\dimen200
\K@=\count138
\KK@=\count139
\Direction=\count140
\K@dXdY=\dimen201
\K@dYdX=\dimen202
\xyread@=\read2
\xywrite@=\write4
\csp@=\count141
\quotPTK@=\dimen203

utility macros; pictures: \xy, positions,
\swaptoks@@=\toks34
\connectobjectbox@@=\box40
 objects,
\styletoks@=\toks35
 decorations;
kernel objects: directionals, circles, text; options; algorithms: directions,
edges, connections;  Xy-pic loaded)
("C:\Program Files\MiKTeX 2.9\tex\generic\oberdiek\ifpdf.sty"
Package: ifpdf 2011/01/30 v2.3 Provides the ifpdf switch (HO)
Package ifpdf Info: pdfTeX in PDF mode is detected.
)
Package: xy 2012/05/24 Xy-pic version 3.8.8

("C:\Program Files\MiKTeX 2.9\tex\generic\xypic\xyall.tex"
 Xy-pic option: All features v.3.8
("C:\Program Files\MiKTeX 2.9\tex\generic\xypic\xycurve.tex"
 Xy-pic option: Curve and Spline extension v.3.12 curve,
\crv@cnt@=\count142
\crvpts@=\toks36
\splinebox@=\box41
\splineval@=\dimen204
\splinedepth@=\dimen205
\splinetol@=\dimen206
\splinelength@=\dimen207
 circles,
\L@=\dimen208
 loaded)
("C:\Program Files\MiKTeX 2.9\tex\generic\xypic\xyframe.tex"
 Xy-pic option: Frame and Bracket extension v.3.14 loaded)
("C:\Program Files\MiKTeX 2.9\tex\generic\xypic\xycmtip.tex"
 Xy-pic option: Computer Modern tip extension v.3.7
("C:\Program Files\MiKTeX 2.9\tex\generic\xypic\xytips.tex"
 Xy-pic option: More Tips extension v.3.9 loaded) loaded)
("C:\Program Files\MiKTeX 2.9\tex\generic\xypic\xyline.tex"
 Xy-pic option: Line styles extension v.3.10
\xylinethick@=\dimen209
 loaded)
("C:\Program Files\MiKTeX 2.9\tex\generic\xypic\xyrotate.tex"
 Xy-pic option: Rotate and Scale extension v.3.8 loaded)
("C:\Program Files\MiKTeX 2.9\tex\generic\xypic\xycolor.tex"
 Xy-pic option: Colour extension v.3.11 loaded)
("C:\Program Files\MiKTeX 2.9\tex\generic\xypic\xymatrix.tex"
 Xy-pic option: Matrix feature v.3.14
\Row=\count143
\Col=\count144
\queue@=\toks37
\queue@@=\toks38
\qcount@=\count145
\qcount@@=\count146
\matrixsize@=\count147
 loaded)
("C:\Program Files\MiKTeX 2.9\tex\generic\xypic\xyarrow.tex"
 Xy-pic option: Arrow and Path feature v.3.9 path, \ar, loaded)
("C:\Program Files\MiKTeX 2.9\tex\generic\xypic\xygraph.tex"
 Xy-pic option: Graph feature v.3.11 loaded) loaded)
("C:\Program Files\MiKTeX 2.9\tex\generic\xypic\xypdf.tex"
 Xy-pic option: PDF driver v.1.7 Xy-pic pdf driver: `color' extension support
("C:\Program Files\MiKTeX 2.9\tex\generic\xypic\xypdf-co.tex" loaded)
Xy-pic pdf driver: `curve' extension support
("C:\Program Files\MiKTeX 2.9\tex\generic\xypic\xypdf-cu.tex" loaded)
Xy-pic pdf driver: `frame' extension support
("C:\Program Files\MiKTeX 2.9\tex\generic\xypic\xypdf-fr.tex" loaded)
Xy-pic pdf driver: `line' extension support
("C:\Program Files\MiKTeX 2.9\tex\generic\xypic\xypdf-li.tex" loaded)
Xy-pic pdf driver: `rotate' extension support
("C:\Program Files\MiKTeX 2.9\tex\generic\xypic\xypdf-ro.tex" loaded) loaded))
("C:\Program Files\MiKTeX 2.9\tex\generic\babel\babel.sty"
Package: babel 2008/07/08 v3.8m The Babel package

*************************************
* Local config file bblopts.cfg used
*
("C:\Program Files\MiKTeX 2.9\tex\latex\00miktex\bblopts.cfg"
File: bblopts.cfg 2006/07/31 v1.0 MiKTeX 'babel' configuration
)
("C:\Program Files\MiKTeX 2.9\tex\generic\babel\Slovene.ldf"
Language: slovene 2005/03/31 v1.2m Slovene support from the babel system

("C:\Program Files\MiKTeX 2.9\tex\generic\babel\babel.def"
File: babel.def 2008/07/08 v3.8m Babel common definitions
\babel@savecnt=\count148
\U@D=\dimen210
)
Package babel Info: Making " an active character on input line 79.
))
(C:\Users\Vaio\Documents\GitHub\Diploma\UNI-LJ-FE-Diploma.sty

UNI-LJ-FE-Diploma stilska opcija V.1.0 junij 2013
Stilska opcija za diplome na Fakulteti za elektrotehniko Univerze v Ljubljani
Izvedena iz DOKT-STYLE OPTION V.1.01 9.1.1992
Avtor: Sa\v so Toma\v zi\v c
Dopolnil: Jus Kocijan 
Dopolnil: Ales Hribar 2006
Dopolnil: Sebastjan Slajpah, 2013
Dopolnil in pre\v cistil: Sa\v so Toma\v zi\v c, 2013

("C:\Program Files\MiKTeX 2.9\tex\latex\oberdiek\epstopdf.sty"
Package: epstopdf 2010/02/09 v2.5 Conversion with epstopdf on the fly (HO)

("C:\Program Files\MiKTeX 2.9\tex\latex\oberdiek\epstopdf-base.sty"
Package: epstopdf-base 2010/02/09 v2.5 Base part for package epstopdf

("C:\Program Files\MiKTeX 2.9\tex\latex\oberdiek\grfext.sty"
Package: grfext 2010/08/19 v1.1 Manage graphics extensions (HO)

("C:\Program Files\MiKTeX 2.9\tex\generic\oberdiek\kvdefinekeys.sty"
Package: kvdefinekeys 2011/04/07 v1.3 Define keys (HO)
))
("C:\Program Files\MiKTeX 2.9\tex\latex\oberdiek\kvoptions.sty"
Package: kvoptions 2011/06/30 v3.11 Key value format for package options (HO)

("C:\Program Files\MiKTeX 2.9\tex\generic\oberdiek\kvsetkeys.sty"
Package: kvsetkeys 2012/04/25 v1.16 Key value parser (HO)

("C:\Program Files\MiKTeX 2.9\tex\generic\oberdiek\etexcmds.sty"
Package: etexcmds 2011/02/16 v1.5 Avoid name clashes with e-TeX commands (HO)

("C:\Program Files\MiKTeX 2.9\tex\generic\oberdiek\ifluatex.sty"
Package: ifluatex 2010/03/01 v1.3 Provides the ifluatex switch (HO)
Package ifluatex Info: LuaTeX not detected.
)
Package etexcmds Info: Could not find \expanded.
(etexcmds)             That can mean that you are not using pdfTeX 1.50 or
(etexcmds)             that some package has redefined \expanded.
(etexcmds)             In the latter case, load this package earlier.
)))
("C:\Program Files\MiKTeX 2.9\tex\generic\oberdiek\pdftexcmds.sty"
Package: pdftexcmds 2011/11/29 v0.20 Utility functions of pdfTeX for LuaTeX (HO
)
Package pdftexcmds Info: LuaTeX not detected.
Package pdftexcmds Info: \pdf@primitive is available.
Package pdftexcmds Info: \pdf@ifprimitive is available.
Package pdftexcmds Info: \pdfdraftmode found.
)
Package grfext Info: Graphics extension search list:
(grfext)             [.png,.pdf,.jpg,.mps,.jpeg,.jbig2,.jb2,.PNG,.PDF,.JPG,.JPE
G,.JBIG2,.JB2,.eps]
(grfext)             \AppendGraphicsExtensions on input line 452.
))
\epsffilein=\read3
\epsfxsize=\dimen211
\epsfysize=\dimen212
\epsftsize=\dimen213
\epsfrsize=\dimen214
\epsftmp=\dimen215
\pspoints=\dimen216
\xcelo=\count149
\xdec=\count150
\xxdec=\count151
\xxxdec=\count152
\ycelo=\count153
\ydec=\count154
\yydec=\count155
\yyydec=\count156
\tmpcount=\count157
)
(C:\Users\Vaio\Documents\GitHub\Diploma\BlockDiagrams\tikzsettings.tex
("C:\Program Files\MiKTeX 2.9\tex\generic\pgf\frontendlayer\tikz\libraries\tikz
libraryshapes.code.tex"
File: tikzlibraryshapes.code.tex 2008/01/09 v2.10 (rcs-revision 1.1)

("C:\Program Files\MiKTeX 2.9\tex\generic\pgf\frontendlayer\tikz\libraries\tikz
libraryshapes.geometric.code.tex"
File: tikzlibraryshapes.geometric.code.tex 2008/01/09 v2.10 (rcs-revision 1.1)

("C:\Program Files\MiKTeX 2.9\tex\generic\pgf\libraries\shapes\pgflibraryshapes
.geometric.code.tex"
File: pgflibraryshapes.geometric.code.tex 2008/06/26 v2.10 (rcs-revision 1.1)
))
("C:\Program Files\MiKTeX 2.9\tex\generic\pgf\frontendlayer\tikz\libraries\tikz
libraryshapes.misc.code.tex"
File: tikzlibraryshapes.misc.code.tex 2008/01/09 v2.10 (rcs-revision 1.1)

("C:\Program Files\MiKTeX 2.9\tex\generic\pgf\libraries\shapes\pgflibraryshapes
.misc.code.tex"
File: pgflibraryshapes.misc.code.tex 2008/10/07 v2.10 (rcs-revision 1.3)
))
("C:\Program Files\MiKTeX 2.9\tex\generic\pgf\frontendlayer\tikz\libraries\tikz
libraryshapes.symbols.code.tex"
File: tikzlibraryshapes.symbols.code.tex 2008/01/09 v2.10 (rcs-revision 1.1)

("C:\Program Files\MiKTeX 2.9\tex\generic\pgf\libraries\shapes\pgflibraryshapes
.symbols.code.tex"
File: pgflibraryshapes.symbols.code.tex 2009/10/27 v2.10 (rcs-revision 1.3)
))
("C:\Program Files\MiKTeX 2.9\tex\generic\pgf\frontendlayer\tikz\libraries\tikz
libraryshapes.arrows.code.tex"
File: tikzlibraryshapes.arrows.code.tex 2008/01/09 v2.10 (rcs-revision 1.1)

("C:\Program Files\MiKTeX 2.9\tex\generic\pgf\libraries\shapes\pgflibraryshapes
.arrows.code.tex"
File: pgflibraryshapes.arrows.code.tex 2008/06/26 v2.10 (rcs-revision 1.1)
))
("C:\Program Files\MiKTeX 2.9\tex\generic\pgf\frontendlayer\tikz\libraries\tikz
libraryshapes.callouts.code.tex"
("C:\Program Files\MiKTeX 2.9\tex\generic\pgf\libraries\shapes\pgflibraryshapes
.callouts.code.tex"))
("C:\Program Files\MiKTeX 2.9\tex\generic\pgf\frontendlayer\tikz\libraries\tikz
libraryshapes.multipart.code.tex"
File: tikzlibraryshapes.multipart.code.tex 2008/01/09 v2.10 (rcs-revision 1.1)

("C:\Program Files\MiKTeX 2.9\tex\generic\pgf\libraries\shapes\pgflibraryshapes
.multipart.code.tex"
File: pgflibraryshapes.multipart.code.tex 2010/01/07 v2.10 (rcs-revision 1.2)
\pgfnodepartlowerbox=\box42
\pgfnodeparttwobox=\box43
\pgfnodepartthreebox=\box44
\pgfnodepartfourbox=\box45
\pgfnodeparttwentybox=\box46
\pgfnodepartnineteenbox=\box47
\pgfnodeparteighteenbox=\box48
\pgfnodepartseventeenbox=\box49
\pgfnodepartsixteenbox=\box50
\pgfnodepartfifteenbox=\box51
\pgfnodepartfourteenbox=\box52
\pgfnodepartthirteenbox=\box53
\pgfnodeparttwelvebox=\box54
\pgfnodepartelevenbox=\box55
\pgfnodeparttenbox=\box56
\pgfnodepartninebox=\box57
\pgfnodeparteightbox=\box58
\pgfnodepartsevenbox=\box59
\pgfnodepartsixbox=\box60
\pgfnodepartfivebox=\box61
)))
("C:\Program Files\MiKTeX 2.9\tex\generic\pgf\frontendlayer\tikz\libraries\tikz
libraryfit.code.tex"
File: tikzlibraryfit.code.tex 2008/06/21 v2.10 (rcs-revision 1.3)
)
("C:\Program Files\MiKTeX 2.9\tex\generic\pgf\frontendlayer\tikz\libraries\tikz
libraryarrows.code.tex"
File: tikzlibraryarrows.code.tex 2008/01/09 v2.10 (rcs-revision 1.1)

("C:\Program Files\MiKTeX 2.9\tex\generic\pgf\libraries\pgflibraryarrows.code.t
ex"
File: pgflibraryarrows.code.tex 2008/10/27 v2.10 (rcs-revision 1.9)
\arrowsize=\dimen217
))
("C:\Program Files\MiKTeX 2.9\tex\generic\pgf\frontendlayer\tikz\libraries\tikz
librarycalc.code.tex"
File: tikzlibrarycalc.code.tex 2009/09/04 v2.10 (rcs-revision 1.6)
)
("C:\Program Files\MiKTeX 2.9\tex\generic\pgf\frontendlayer\tikz\libraries\tikz
librarypositioning.code.tex"
File: tikzlibrarypositioning.code.tex 2008/10/06 v2.10 (rcs-revision 1.7)
))
(C:\Users\Vaio\Documents\GitHub\Diploma\macros.tex)
(C:\Users\Vaio\Documents\GitHub\Diploma\magistrska_timotej_gaspar.aux)
LaTeX Font Info:    Checking defaults for OML/cmm/m/it on input line 35.
LaTeX Font Info:    ... okay on input line 35.
LaTeX Font Info:    Checking defaults for T1/cmr/m/n on input line 35.
LaTeX Font Info:    ... okay on input line 35.
LaTeX Font Info:    Checking defaults for OT1/cmr/m/n on input line 35.
LaTeX Font Info:    ... okay on input line 35.
LaTeX Font Info:    Checking defaults for OMS/cmsy/m/n on input line 35.
LaTeX Font Info:    ... okay on input line 35.
LaTeX Font Info:    Checking defaults for OMX/cmex/m/n on input line 35.
LaTeX Font Info:    ... okay on input line 35.
LaTeX Font Info:    Checking defaults for U/cmr/m/n on input line 35.
LaTeX Font Info:    ... okay on input line 35.

ABD: EveryShipout initializing macros
("C:\Program Files\MiKTeX 2.9\tex\context\base\supp-pdf.mkii"
[Loading MPS to PDF converter (version 2006.09.02).]
\scratchcounter=\count158
\scratchdimen=\dimen218
\scratchbox=\box62
\nofMPsegments=\count159
\nofMParguments=\count160
\everyMPshowfont=\toks39
\MPscratchCnt=\count161
\MPscratchDim=\dimen219
\MPnumerator=\count162
\makeMPintoPDFobject=\count163
\everyMPtoPDFconversion=\toks40
)
LaTeX Info: Redefining \celsius on input line 35.
Package gensymb Info: Faking symbols for \degree and \celsius on input line 35.



Package gensymb Warning: Not defining \perthousand.

LaTeX Info: Redefining \ohm on input line 35.
Package gensymb Info: Using \Omega for \ohm on input line 35.

Package gensymb Warning: Not defining \micro.

Package xypdf Info: Line width: 0.47998pt on input line 35.
[1


{C:/ProgramData/MiKTeX/2.9/pdftex/config/pdftex.map}] [2] [3

]
Overfull \hbox (2.61108pt too wide) has occurred while \output is active
[] 
 []

[4

] (C:\Users\Vaio\Documents\GitHub\Diploma\magistrska_timotej_gaspar.toc
[5]
LaTeX Font Info:    Try loading font information for OMS+cmr on input line 37.
 ("C:\Program Files\MiKTeX 2.9\tex\latex\base\omscmr.fd"
File: omscmr.fd 1999/05/25 v2.5h Standard LaTeX font definitions
)
LaTeX Font Info:    Font shape `OMS/cmr/bx/n' in size <8> not available
(Font)              Font shape `OMS/cmsy/b/n' tried instead on input line 37.
)
\tf@toc=\write5

Overfull \hbox (2.61108pt too wide) has occurred while \output is active
[] 
 []

[6] (C:\Users\Vaio\Documents\GitHub\Diploma\magistrska_timotej_gaspar.lof
Underfull \vbox (badness 10000) has occurred while \output is active []

 [7

]
LaTeX Font Info:    Font shape `OMS/cmr/m/n' in size <8> not available
(Font)              Font shape `OMS/cmsy/m/n' tried instead on input line 29.

Underfull \vbox (badness 10000) has occurred while \output is active []


Overfull \hbox (2.61108pt too wide) has occurred while \output is active
[] 
 []

[8])
\tf@lof=\write6

Overfull \hbox (2.61108pt too wide) has occurred while \output is active
[] 
 []

[9]
Overfull \hbox (2.61108pt too wide) has occurred while \output is active
[] 
 []

[10

] (C:\Users\Vaio\Documents\GitHub\Diploma\magistrska_timotej_gaspar.lot)
\tf@lot=\write7

[11]
Overfull \hbox (2.61108pt too wide) has occurred while \output is active
[] 
 []

[12

] (C:\Users\Vaio\Documents\GitHub\Diploma\magistrska_timotej_gaspar.lof)
\tf@lof=\write8

Overfull \hbox (20.76576pt too wide) in paragraph at lines 70--104
 [][] 
 []


LaTeX Warning: `h' float specifier changed to `ht'.

[13]
Overfull \hbox (2.61108pt too wide) has occurred while \output is active
[] 
 []

[14] (C:\Users\Vaio\Documents\GitHub\Diploma\magistrska_timotej_gaspar.lof)
\tf@lof=\write9

Underfull \vbox (badness 10000) has occurred while \output is active []

 [1


]
Overfull \hbox (2.61108pt too wide) has occurred while \output is active
[] 
 []

[2] (C:\Users\Vaio\Documents\GitHub\Diploma\magistrska_timotej_gaspar.lof)
\tf@lof=\write10

[3

]
Overfull \hbox (2.61108pt too wide) has occurred while \output is active
[] 
 []

[4

]
  1.

Underfull \vbox (badness 10000) has occurred while \output is active []

 [5]
Overfull \hbox (2.61108pt too wide) has occurred while \output is active
[] 
 []

[6]
  2.
(C:\Users\Vaio\Documents\GitHub\Diploma\Slike\pa10-drawing.tex
<./Slike/pa10-drawing.png, id=79, 517.935pt x 595.47469pt>
File: ./Slike/pa10-drawing.png Graphic file (type png)

<use ./Slike/pa10-drawing.png>
Package pdftex.def Info: ./Slike/pa10-drawing.png used on input line 3.
(pdftex.def)             Requested size: 173.23466pt x 199.16928pt.
) [7

]
(C:\Users\Vaio\Documents\GitHub\Diploma\Slike\d-h_drawing.tex
Package epstopdf Info: Source file: <./Slike/d-h_drawing.eps>
(epstopdf)                    date: 2015-07-11 18:40:12
(epstopdf)                    size: 517962 bytes
(epstopdf)             Output file: <./Slike/d-h_drawing-eps-converted-to.pdf>
(epstopdf)                    date: 2015-07-11 18:40:12
(epstopdf)                    size: 41209 bytes
(epstopdf)             Command: <epstopdf --outfile=./Slike/d-h_drawing-eps-con
verted-to.pdf ./Slike/d-h_drawing.eps>
(epstopdf)             \includegraphics on input line 3.
Package epstopdf Info: Output file is already uptodate.

<./Slike/d-h_drawing-eps-converted-to.pdf, id=84, 558.085pt x 328.22626pt>
File: ./Slike/d-h_drawing-eps-converted-to.pdf Graphic file (type pdf)

<use ./Slike/d-h_drawing-eps-converted-to.pdf>
Package pdftex.def Info: ./Slike/d-h_drawing-eps-converted-to.pdf used on input
 line 3.
(pdftex.def)             Requested size: 418.56273pt x 246.16908pt.
)
LaTeX Font Info:    Font shape `OMS/cmr/m/n' in size <12> not available
(Font)              Font shape `OMS/cmsy/m/n' tried instead on input line 190.

Overfull \hbox (2.61108pt too wide) has occurred while \output is active
[] 
 []

[8 <C:/Users/Vaio/Documents/GitHub/Diploma/Slike/pa10-drawing.png>]
(C:\Users\Vaio\Documents\GitHub\Diploma\Slike\pa10-dh.tex
<./Slike/pa10-dh.png, id=92, 676.77844pt x 255.95625pt>
File: ./Slike/pa10-dh.png Graphic file (type png)

<use ./Slike/pa10-dh.png>
Package pdftex.def Info: ./Slike/pa10-dh.png used on input line 3.
(pdftex.def)             Requested size: 412.56496pt x 156.03543pt.
)
Overfull \hbox (2.61108pt too wide) has occurred while \output is active
[] 
 []

[9 <C:/Users/Vaio/Documents/GitHub/Diploma/Slike/d-h_drawing-eps-converted-to.p
df>]
Overfull \hbox (2.61108pt too wide) has occurred while \output is active
[] 
 []

[10 <C:/Users/Vaio/Documents/GitHub/Diploma/Slike/pa10-dh.png>]
Overfull \hbox (2.61108pt too wide) has occurred while \output is active
[] 
 []

[11]
Overfull \hbox (2.61108pt too wide) has occurred while \output is active
[] 
 []

[12]
Underfull \hbox (badness 1515) in paragraph at lines 362--363
[]\OT1/cmr/m/n/12 Vektor $[][]$ vse-buje sile in na-vore, ki de-lu-jejo na vrh 
ro-bota, $[][] =$
 []


Overfull \hbox (2.61108pt too wide) has occurred while \output is active
[] 
 []

[13]
Overfull \hbox (2.61108pt too wide) has occurred while \output is active
[] 
 []

[14]
Overfull \hbox (2.61108pt too wide) has occurred while \output is active
[] 
 []

[15]
Overfull \hbox (2.61108pt too wide) has occurred while \output is active
[] 
 []

[16

]
  3.

Underfull \vbox (badness 10000) has occurred while \output is active []

 [17]
(C:\Users\Vaio\Documents\GitHub\Diploma\Slike\pc_zadaj_labels.tex
Package epstopdf Info: Source file: <./Slike/pc_zadaj_labels.eps>
(epstopdf)                    date: 2015-08-03 11:44:36
(epstopdf)                    size: 20962914 bytes
(epstopdf)             Output file: <./Slike/pc_zadaj_labels-eps-converted-to.p
df>
(epstopdf)                    date: 2015-09-06 10:58:19
(epstopdf)                    size: 255813 bytes
(epstopdf)             Command: <epstopdf --outfile=./Slike/pc_zadaj_labels-eps
-converted-to.pdf ./Slike/pc_zadaj_labels.eps>
(epstopdf)             \includegraphics on input line 3.
Package epstopdf Info: Output file is already uptodate.

<./Slike/pc_zadaj_labels-eps-converted-to.pdf, id=130, 512.91624pt x 342.27875p
t>
File: ./Slike/pc_zadaj_labels-eps-converted-to.pdf Graphic file (type pdf)
 <use ./Slike/pc_zadaj_labels-eps-converted-to.pdf>
Package pdftex.def Info: ./Slike/pc_zadaj_labels-eps-converted-to.pdf used on i
nput line 3.
(pdftex.def)             Requested size: 256.45749pt x 171.13895pt.
)
Underfull \vbox (badness 10000) has occurred while \output is active []


Overfull \hbox (12.62668pt too wide) has occurred while \output is active
\OT1/cmr/m/n/12 18    \OT1/cmr/m/sl/12 ARCNET - UDP streznik za komunikacijo s
 krmilnikom robota ter senzorjem sile
 []


Overfull \hbox (2.61108pt too wide) has occurred while \output is active
[] 
 []

[18 <C:/Users/Vaio/Documents/GitHub/Diploma/Slike/pc_zadaj_labels-eps-converted
-to.pdf>]
(C:\Users\Vaio\Documents\GitHub\Diploma\Slike\pa10-servocontroller.tex
<./Slike/pa10-servocontroller.png, id=141, 1028.34187pt x 536.0025pt>
File: ./Slike/pa10-servocontroller.png Graphic file (type png)

<use ./Slike/pa10-servocontroller.png>
Package pdftex.def Info: ./Slike/pa10-servocontroller.png used on input line 3.

(pdftex.def)             Requested size: 412.56496pt x 215.04332pt.
)
Overfull \hbox (2.61108pt too wide) has occurred while \output is active
[] 
 []

[19 <C:/Users/Vaio/Documents/GitHub/Diploma/Slike/pa10-servocontroller.png>]
(C:\Users\Vaio\Documents\GitHub\Diploma\Slike\arcnet-packet.tex
Package epstopdf Info: Source file: <./Slike/arcnet-packet.eps>
(epstopdf)                    date: 2015-08-03 11:44:35
(epstopdf)                    size: 348619 bytes
(epstopdf)             Output file: <./Slike/arcnet-packet-eps-converted-to.pdf
>
(epstopdf)                    date: 2015-08-03 11:44:35
(epstopdf)                    size: 9316 bytes
(epstopdf)             Command: <epstopdf --outfile=./Slike/arcnet-packet-eps-c
onverted-to.pdf ./Slike/arcnet-packet.eps>
(epstopdf)             \includegraphics on input line 3.
Package epstopdf Info: Output file is already uptodate.

<./Slike/arcnet-packet-eps-converted-to.pdf, id=146, 803.0pt x 185.69376pt>
File: ./Slike/arcnet-packet-eps-converted-to.pdf Graphic file (type pdf)

<use ./Slike/arcnet-packet-eps-converted-to.pdf>
Package pdftex.def Info: ./Slike/arcnet-packet-eps-converted-to.pdf used on inp
ut line 3.
(pdftex.def)             Requested size: 401.49902pt x 92.84665pt.
)

LaTeX Warning: `!h' float specifier changed to `!ht'.

Package epstopdf Info: Source file: <./Slike/little-arrow.eps>
(epstopdf)                    date: 2015-08-03 11:44:36
(epstopdf)                    size: 44239 bytes
(epstopdf)             Output file: <./Slike/little-arrow-eps-converted-to.pdf>

(epstopdf)                    date: 2015-08-03 11:44:36
(epstopdf)                    size: 2653 bytes
(epstopdf)             Command: <epstopdf --outfile=./Slike/little-arrow-eps-co
nverted-to.pdf ./Slike/little-arrow.eps>
(epstopdf)             \includegraphics on input line 457.
Package epstopdf Info: Output file is already uptodate.
<./Slike/little-arrow-eps-converted-to.pdf, id=147, 21.07875pt x 20.075pt>
File: ./Slike/little-arrow-eps-converted-to.pdf Graphic file (type pdf)

<use ./Slike/little-arrow-eps-converted-to.pdf>
Package pdftex.def Info: ./Slike/little-arrow-eps-converted-to.pdf used on inpu
t line 457.
(pdftex.def)             Requested size: 12.64732pt x 12.04507pt.

(C:\Users\Vaio\Documents\GitHub\Diploma\Slike\pa10-state.tex
Package epstopdf Info: Source file: <./Slike/pa10-state.eps>
(epstopdf)                    date: 2015-08-03 11:44:36
(epstopdf)                    size: 484905 bytes
(epstopdf)             Output file: <./Slike/pa10-state-eps-converted-to.pdf>
(epstopdf)                    date: 2015-08-03 11:44:36
(epstopdf)                    size: 11446 bytes
(epstopdf)             Command: <epstopdf --outfile=./Slike/pa10-state-eps-conv
erted-to.pdf ./Slike/pa10-state.eps>
(epstopdf)             \includegraphics on input line 3.
Package epstopdf Info: Output file is already uptodate.

<./Slike/pa10-state-eps-converted-to.pdf, id=148, 548.0475pt x 398.48875pt>
File: ./Slike/pa10-state-eps-converted-to.pdf Graphic file (type pdf)

<use ./Slike/pa10-state-eps-converted-to.pdf>
Package pdftex.def Info: ./Slike/pa10-state-eps-converted-to.pdf used on input 
line 3.
(pdftex.def)             Requested size: 274.02307pt x 199.24388pt.

Overfull \hbox (12.62668pt too wide) has occurred while \output is active
\OT1/cmr/m/n/12 20    \OT1/cmr/m/sl/12 ARCNET - UDP streznik za komunikacijo s
 krmilnikom robota ter senzorjem sile
 []


Overfull \hbox (2.61108pt too wide) has occurred while \output is active
[] 
 []

[20 <C:/Users/Vaio/Documents/GitHub/Diploma/Slike/little-arrow-eps-converted-to
.pdf>]) (C:\Users\Vaio\Documents\GitHub\Diploma\Slike\pa10-control-state.tex
Package epstopdf Info: Source file: <./Slike/pa10-control-state.eps>
(epstopdf)                    date: 2015-09-06 10:58:19
(epstopdf)                    size: 157706 bytes
(epstopdf)             Output file: <./Slike/pa10-control-state-eps-converted-t
o.pdf>
(epstopdf)                    date: 2015-09-06 10:58:19
(epstopdf)                    size: 7970 bytes
(epstopdf)             Command: <epstopdf --outfile=./Slike/pa10-control-state-
eps-converted-to.pdf ./Slike/pa10-control-state.eps>
(epstopdf)             \includegraphics on input line 3.
Package epstopdf Info: Output file is already uptodate.

<./Slike/pa10-control-state-eps-converted-to.pdf, id=154, 326.21875pt x 157.588
75pt>
File: ./Slike/pa10-control-state-eps-converted-to.pdf Graphic file (type pdf)
 <use ./Slike/pa10-control-state-eps-converted-to.pdf>
Package pdftex.def Info: ./Slike/pa10-control-state-eps-converted-to.pdf used o
n input line 3.
(pdftex.def)             Requested size: 163.10896pt x 78.79417pt.
)

LaTeX Warning: `!h' float specifier changed to `!ht'.

(C:\Users\Vaio\Documents\GitHub\Diploma\Slike\arcnet-data.tex
Package epstopdf Info: Source file: <./Slike/arcnet-data.eps>
(epstopdf)                    date: 2015-09-06 10:58:17
(epstopdf)                    size: 494021 bytes
(epstopdf)             Output file: <./Slike/arcnet-data-eps-converted-to.pdf>
(epstopdf)                    date: 2015-09-06 10:58:17
(epstopdf)                    size: 29093 bytes
(epstopdf)             Command: <epstopdf --outfile=./Slike/arcnet-data-eps-con
verted-to.pdf ./Slike/arcnet-data.eps>
(epstopdf)             \includegraphics on input line 3.
Package epstopdf Info: Output file is already uptodate.

<./Slike/arcnet-data-eps-converted-to.pdf, id=155, 640.3925pt x 294.09875pt>
File: ./Slike/arcnet-data-eps-converted-to.pdf Graphic file (type pdf)

<use ./Slike/arcnet-data-eps-converted-to.pdf>
Package pdftex.def Info: ./Slike/arcnet-data-eps-converted-to.pdf used on input
 line 3.
(pdftex.def)             Requested size: 320.19547pt x 147.04901pt.


LaTeX Warning: `!h' float specifier changed to `!ht'.

)
Underfull \vbox (badness 10000) has occurred while \output is active []


Overfull \hbox (2.61108pt too wide) has occurred while \output is active
[] 
 []

[21 <C:/Users/Vaio/Documents/GitHub/Diploma/Slike/arcnet-packet-eps-converted-t
o.pdf> <C:/Users/Vaio/Documents/GitHub/Diploma/Slike/pa10-state-eps-converted-t
o.pdf>]
Overfull \hbox (12.62668pt too wide) has occurred while \output is active
\OT1/cmr/m/n/12 22    \OT1/cmr/m/sl/12 ARCNET - UDP streznik za komunikacijo s
 krmilnikom robota ter senzorjem sile
 []


Overfull \hbox (2.61108pt too wide) has occurred while \output is active
[] 
 []

[22 <C:/Users/Vaio/Documents/GitHub/Diploma/Slike/pa10-control-state-eps-conver
ted-to.pdf> <C:/Users/Vaio/Documents/GitHub/Diploma/Slike/arcnet-data-eps-conve
rted-to.pdf>] (C:\Users\Vaio\Documents\GitHub\Diploma\Slike\jr3-slika.tex
<./Slike/jr3-slika.png, id=199, 864.831pt x 576.554pt>
File: ./Slike/jr3-slika.png Graphic file (type png)

<use ./Slike/jr3-slika.png>
Package pdftex.def Info: ./Slike/jr3-slika.png used on input line 3.
(pdftex.def)             Requested size: 206.28247pt x 103.80602pt.
)
Overfull \hbox (2.61108pt too wide) has occurred while \output is active
[] 
 []

[23 <C:/Users/Vaio/Documents/GitHub/Diploma/Slike/jr3-slika.png>]
(C:\Users\Vaio\Documents\GitHub\Diploma\Slike\dsp-registers.tex
Package epstopdf Info: Source file: <./Slike/dsp-registers.eps>
(epstopdf)                    date: 2015-08-03 11:44:35
(epstopdf)                    size: 289672 bytes
(epstopdf)             Output file: <./Slike/dsp-registers-eps-converted-to.pdf
>
(epstopdf)                    date: 2015-08-03 11:44:35
(epstopdf)                    size: 6734 bytes
(epstopdf)             Command: <epstopdf --outfile=./Slike/dsp-registers-eps-c
onverted-to.pdf ./Slike/dsp-registers.eps>
(epstopdf)             \includegraphics on input line 3.
Package epstopdf Info: Output file is already uptodate.

<./Slike/dsp-registers-eps-converted-to.pdf, id=207, 493.845pt x 261.97874pt>
File: ./Slike/dsp-registers-eps-converted-to.pdf Graphic file (type pdf)

<use ./Slike/dsp-registers-eps-converted-to.pdf>
Package pdftex.def Info: ./Slike/dsp-registers-eps-converted-to.pdf used on inp
ut line 3.
(pdftex.def)             Requested size: 246.92189pt x 130.98904pt.
)
Overfull \hbox (12.62668pt too wide) has occurred while \output is active
\OT1/cmr/m/n/12 24    \OT1/cmr/m/sl/12 ARCNET - UDP streznik za komunikacijo s
 krmilnikom robota ter senzorjem sile
 []


Overfull \hbox (2.61108pt too wide) has occurred while \output is active
[] 
 []

[24 <C:/Users/Vaio/Documents/GitHub/Diploma/Slike/dsp-registers-eps-converted-t
o.pdf>]
Overfull \hbox (2.61108pt too wide) has occurred while \output is active
[] 
 []

[25] (C:\Users\Vaio\Documents\GitHub\Diploma\Slike\udp-arcnet-server.tex
Package epstopdf Info: Source file: <./Slike/udp-arcnet-server.eps>
(epstopdf)                    date: 2015-08-03 11:44:36
(epstopdf)                    size: 727382 bytes
(epstopdf)             Output file: <./Slike/udp-arcnet-server-eps-converted-to
.pdf>
(epstopdf)                    date: 2015-08-03 11:44:36
(epstopdf)                    size: 26526 bytes
(epstopdf)             Command: <epstopdf --outfile=./Slike/udp-arcnet-server-e
ps-converted-to.pdf ./Slike/udp-arcnet-server.eps>
(epstopdf)             \includegraphics on input line 3.
Package epstopdf Info: Output file is already uptodate.

<./Slike/udp-arcnet-server-eps-converted-to.pdf, id=221, 819.06pt x 408.52625pt
>
File: ./Slike/udp-arcnet-server-eps-converted-to.pdf Graphic file (type pdf)
 <use ./Slike/udp-arcnet-server-eps-converted-to.pdf>
Package pdftex.def Info: ./Slike/udp-arcnet-server-eps-converted-to.pdf used on
 input line 3.
(pdftex.def)             Requested size: 206.28247pt x 102.88557pt.
)
Overfull \hbox (12.62668pt too wide) has occurred while \output is active
\OT1/cmr/m/n/12 26    \OT1/cmr/m/sl/12 ARCNET - UDP streznik za komunikacijo s
 krmilnikom robota ter senzorjem sile
 []


Overfull \hbox (2.61108pt too wide) has occurred while \output is active
[] 
 []

[26 <C:/Users/Vaio/Documents/GitHub/Diploma/Slike/udp-arcnet-server-eps-convert
ed-to.pdf>] (C:\Users\Vaio\Documents\GitHub\Diploma\Tabele\udp-command.tex)
(C:\Users\Vaio\Documents\GitHub\Diploma\Tabele\arcnet-command.tex

LaTeX Warning: `h' float specifier changed to `ht'.

) (C:\Users\Vaio\Documents\GitHub\Diploma\Tabele\udp-reply.tex

LaTeX Warning: `h' float specifier changed to `ht'.

)
Overfull \hbox (2.61108pt too wide) has occurred while \output is active
[] 
 []

[27] (C:\Users\Vaio\Documents\GitHub\Diploma\Slike\server-flowchart.tex
Package epstopdf Info: Source file: <./Slike/server-flowchart.eps>
(epstopdf)                    date: 2015-08-03 11:44:36
(epstopdf)                    size: 849598 bytes
(epstopdf)             Output file: <./Slike/server-flowchart-eps-converted-to.
pdf>
(epstopdf)                    date: 2015-08-03 11:44:36
(epstopdf)                    size: 12838 bytes
(epstopdf)             Command: <epstopdf --outfile=./Slike/server-flowchart-ep
s-converted-to.pdf ./Slike/server-flowchart.eps>
(epstopdf)             \includegraphics on input line 3.
Package epstopdf Info: Output file is already uptodate.

<./Slike/server-flowchart-eps-converted-to.pdf, id=232, 688.5725pt x 621.32124p
t>
File: ./Slike/server-flowchart-eps-converted-to.pdf Graphic file (type pdf)
 <use ./Slike/server-flowchart-eps-converted-to.pdf>
Package pdftex.def Info: ./Slike/server-flowchart-eps-converted-to.pdf used on 
input line 3.
(pdftex.def)             Requested size: 309.4237pt x 279.20328pt.
)
(C:\Users\Vaio\Documents\GitHub\Diploma\Slike\linux-arcnetON.tex
<./Slike/linux-arcnetON.png, id=233, 508.14844pt x 319.1925pt>
File: ./Slike/linux-arcnetON.png Graphic file (type png)

<use ./Slike/linux-arcnetON.png>
Package pdftex.def Info: ./Slike/linux-arcnetON.png used on input line 3.
(pdftex.def)             Requested size: 309.4237pt x 194.37106pt.
)
Overfull \hbox (12.62668pt too wide) has occurred while \output is active
\OT1/cmr/m/n/12 28    \OT1/cmr/m/sl/12 ARCNET - UDP streznik za komunikacijo s
 krmilnikom robota ter senzorjem sile
 []


Overfull \hbox (2.61108pt too wide) has occurred while \output is active
[] 
 []

[28] (C:\Users\Vaio\Documents\GitHub\Diploma\Slike\linux-success.tex
<./Slike/linux-success.png, id=237, 508.14844pt x 319.1925pt>
File: ./Slike/linux-success.png Graphic file (type png)

<use ./Slike/linux-success.png>
Package pdftex.def Info: ./Slike/linux-success.png used on input line 3.
(pdftex.def)             Requested size: 309.4237pt x 194.37106pt.
)
Underfull \vbox (badness 10000) has occurred while \output is active []


Overfull \hbox (2.61108pt too wide) has occurred while \output is active
[] 
 []

[29 <C:/Users/Vaio/Documents/GitHub/Diploma/Slike/server-flowchart-eps-converte
d-to.pdf>]
Underfull \vbox (badness 10000) has occurred while \output is active []


Overfull \hbox (12.62668pt too wide) has occurred while \output is active
\OT1/cmr/m/n/12 30    \OT1/cmr/m/sl/12 ARCNET - UDP streznik za komunikacijo s
 krmilnikom robota ter senzorjem sile
 []


Overfull \hbox (2.61108pt too wide) has occurred while \output is active
[] 
 []

[30 <C:/Users/Vaio/Documents/GitHub/Diploma/Slike/linux-arcnetON.png> <C:/Users
/Vaio/Documents/GitHub/Diploma/Slike/linux-success.png>]
Overfull \hbox (2.61108pt too wide) has occurred while \output is active
[] 
 []

[31]
Overfull \hbox (12.62668pt too wide) has occurred while \output is active
\OT1/cmr/m/n/12 32    \OT1/cmr/m/sl/12 ARCNET - UDP streznik za komunikacijo s
 krmilnikom robota ter senzorjem sile
 []


Overfull \hbox (2.61108pt too wide) has occurred while \output is active
[] 
 []

[32

]
  4.
[33] (C:\Users\Vaio\Documents\GitHub\Diploma\Slike\jr3_coordinatesistem.tex
Package epstopdf Info: Source file: <./Slike/jr3_coordinatesistem.eps>
(epstopdf)                    date: 2015-07-11 18:40:12
(epstopdf)                    size: 311061 bytes
(epstopdf)             Output file: <./Slike/jr3_coordinatesistem-eps-converted
-to.pdf>
(epstopdf)                    date: 2015-07-11 18:40:12
(epstopdf)                    size: 6193 bytes
(epstopdf)             Command: <epstopdf --outfile=./Slike/jr3_coordinatesiste
m-eps-converted-to.pdf ./Slike/jr3_coordinatesistem.eps>
(epstopdf)             \includegraphics on input line 3.
Package epstopdf Info: Output file is already uptodate.

<./Slike/jr3_coordinatesistem-eps-converted-to.pdf, id=266, 458.71375pt x 293.0
95pt>
File: ./Slike/jr3_coordinatesistem-eps-converted-to.pdf Graphic file (type pdf)

 <use ./Slike/jr3_coordinatesistem-eps-converted-to.pdf>
Package pdftex.def Info: ./Slike/jr3_coordinatesistem-eps-converted-to.pdf used
 on input line 3.
(pdftex.def)             Requested size: 229.35631pt x 146.54713pt.
)
Overfull \hbox (2.61108pt too wide) has occurred while \output is active
[] 
 []

[34 <C:/Users/Vaio/Documents/GitHub/Diploma/Slike/jr3_coordinatesistem-eps-conv
erted-to.pdf>]
Overfull \hbox (2.61108pt too wide) has occurred while \output is active
[] 
 []

[35]
Overfull \hbox (2.61108pt too wide) has occurred while \output is active
[] 
 []

[36] (C:\Users\Vaio\Documents\GitHub\Diploma\BlockDiagrams\vel_to_ang.tex)
Overfull \hbox (2.61108pt too wide) has occurred while \output is active
[] 
 []

[37]
Overfull \hbox (2.61108pt too wide) has occurred while \output is active
[] 
 []

[38] (C:\Users\Vaio\Documents\GitHub\Diploma\BlockDiagrams\x_to_vel.tex)
Overfull \hbox (2.61108pt too wide) has occurred while \output is active
[] 
 []

[39]
Overfull \hbox (2.61108pt too wide) has occurred while \output is active
[] 
 []

[40] (C:\Users\Vaio\Documents\GitHub\Diploma\BlockDiagrams\inv_dyn_q.tex)
Overfull \hbox (2.61108pt too wide) has occurred while \output is active
[] 
 []

[41]
Overfull \hbox (2.61108pt too wide) has occurred while \output is active
[] 
 []

[42] (C:\Users\Vaio\Documents\GitHub\Diploma\BlockDiagrams\inv_dyn_x.tex)
Overfull \hbox (2.61108pt too wide) has occurred while \output is active
[] 
 []

[43]
(C:\Users\Vaio\Documents\GitHub\Diploma\BlockDiagrams\x_admitance_control.tex)
Overfull \hbox (2.61108pt too wide) has occurred while \output is active
[] 
 []

[44]
Overfull \hbox (2.61108pt too wide) has occurred while \output is active
[] 
 []

[45]
(C:\Users\Vaio\Documents\GitHub\Diploma\BlockDiagrams\impendance_control.tex)
Overfull \hbox (2.61108pt too wide) has occurred while \output is active
[] 
 []

[46]
  5.
(C:\Users\Vaio\Documents\GitHub\Diploma\Slike\simulink_vel_tq_control.tex
<./Slike/velocity_control.png, id=320, 1413.78188pt x 569.12625pt>
File: ./Slike/velocity_control.png Graphic file (type png)

<use ./Slike/velocity_control.png>
Package pdftex.def Info: ./Slike/velocity_control.png used on input line 6.
(pdftex.def)             Requested size: 282.75137pt x 113.82323pt.
LaTeX Font Info:    Font shape `OMS/cmr/m/n' in size <7> not available
(Font)              Font shape `OMS/cmsy/m/n' tried instead on input line 6.

<./Slike/torque_control.png, id=321, 1401.73688pt x 578.16pt>
File: ./Slike/torque_control.png Graphic file (type png)

<use ./Slike/torque_control.png>
Package pdftex.def Info: ./Slike/torque_control.png used on input line 10.
(pdftex.def)             Requested size: 280.3424pt x 115.62994pt.


LaTeX Warning: `!h' float specifier changed to `!ht'.

)
Underfull \vbox (badness 10000) has occurred while \output is active []

 [47

]
Overfull \hbox (2.61108pt too wide) has occurred while \output is active
[] 
 []

[48 <C:/Users/Vaio/Documents/GitHub/Diploma/Slike/velocity_control.png> <C:/Use
rs/Vaio/Documents/GitHub/Diploma/Slike/torque_control.png>]
(C:\Users\Vaio\Documents\GitHub\Diploma\Slike\follow_step.tex
Package epstopdf Info: Source file: <./Slike/follow_step_100hz_vel.eps>
(epstopdf)                    date: 2015-09-06 10:58:18
(epstopdf)                    size: 252454 bytes
(epstopdf)             Output file: <./Slike/follow_step_100hz_vel-eps-converte
d-to.pdf>
(epstopdf)                    date: 2015-09-06 10:58:18
(epstopdf)                    size: 19865 bytes
(epstopdf)             Command: <epstopdf --outfile=./Slike/follow_step_100hz_v
el-eps-converted-to.pdf ./Slike/follow_step_100hz_vel.eps>
(epstopdf)             \includegraphics on input line 6.
Package epstopdf Info: Output file is already uptodate.

<./Slike/follow_step_100hz_vel-eps-converted-to.pdf, id=332, 515.9275pt x 408.5
2625pt>
File: ./Slike/follow_step_100hz_vel-eps-converted-to.pdf Graphic file (type pdf
)
 <use ./Slike/follow_step_100hz_vel-eps-converted-to.pdf>
Package pdftex.def Info: ./Slike/follow_step_100hz_vel-eps-converted-to.pdf use
d on input line 6.
(pdftex.def)             Requested size: 257.96312pt x 204.26262pt.
Package epstopdf Info: Source file: <./Slike/follow_step_500hz_vel.eps>
(epstopdf)                    date: 2015-09-06 10:58:18
(epstopdf)                    size: 506193 bytes
(epstopdf)             Output file: <./Slike/follow_step_500hz_vel-eps-converte
d-to.pdf>
(epstopdf)                    date: 2015-09-06 10:58:18
(epstopdf)                    size: 77684 bytes
(epstopdf)             Command: <epstopdf --outfile=./Slike/follow_step_500hz_v
el-eps-converted-to.pdf ./Slike/follow_step_500hz_vel.eps>
(epstopdf)             \includegraphics on input line 10.
Package epstopdf Info: Output file is already uptodate.

<./Slike/follow_step_500hz_vel-eps-converted-to.pdf, id=333, 509.905pt x 405.51
5pt>
File: ./Slike/follow_step_500hz_vel-eps-converted-to.pdf Graphic file (type pdf
)
 <use ./Slike/follow_step_500hz_vel-eps-converted-to.pdf>
Package pdftex.def Info: ./Slike/follow_step_500hz_vel-eps-converted-to.pdf use
d on input line 10.
(pdftex.def)             Requested size: 254.95187pt x 202.75699pt.
)
(C:\Users\Vaio\Documents\GitHub\Diploma\Slike\notranje_koordinate_vel.tex

LaTeX Warning: No positions in optional float specifier.
               Default added (so using `tbp') on input line 1.

<./Slike/notranje_koordinate_vel.png, id=334, 1251.17438pt x 498.36188pt>
File: ./Slike/notranje_koordinate_vel.png Graphic file (type png)

<use ./Slike/notranje_koordinate_vel.png>
Package pdftex.def Info: ./Slike/notranje_koordinate_vel.png used on input line
 3.
(pdftex.def)             Requested size: 312.79283pt x 124.59016pt.
)
(C:\Users\Vaio\Documents\GitHub\Diploma\Slike\zunanje_koordinate_vel.tex
<./Slike/zunanje_koordinate_vel.png, id=335, 1359.57938pt x 502.87875pt>
File: ./Slike/zunanje_koordinate_vel.png Graphic file (type png)

<use ./Slike/zunanje_koordinate_vel.png>
Package pdftex.def Info: ./Slike/zunanje_koordinate_vel.png used on input line 
3.
(pdftex.def)             Requested size: 339.89401pt x 125.71938pt.


LaTeX Warning: `!h' float specifier changed to `!ht'.

) (C:\Users\Vaio\Documents\GitHub\Diploma\Slike\follow_ramp_vel.tex
Package epstopdf Info: Source file: <./Slike/follow_ramp_100hz_vel_err.eps>
(epstopdf)                    date: 2015-09-06 10:58:17
(epstopdf)                    size: 223537 bytes
(epstopdf)             Output file: <./Slike/follow_ramp_100hz_vel_err-eps-conv
erted-to.pdf>
(epstopdf)                    date: 2015-09-06 10:58:17
(epstopdf)                    size: 17878 bytes
(epstopdf)             Command: <epstopdf --outfile=./Slike/follow_ramp_100hz_v
el_err-eps-converted-to.pdf ./Slike/follow_ramp_100hz_vel_err.eps>
(epstopdf)             \includegraphics on input line 6.
Package epstopdf Info: Output file is already uptodate.

<./Slike/follow_ramp_100hz_vel_err-eps-converted-to.pdf, id=336, 501.875pt x 18
5.69376pt>
File: ./Slike/follow_ramp_100hz_vel_err-eps-converted-to.pdf Graphic file (type
 pdf)
 <use ./Slike/follow_ramp_100hz_vel_err-eps-converted-to.pdf>
Package pdftex.def Info: ./Slike/follow_ramp_100hz_vel_err-eps-converted-to.pdf
 used on input line 6.
(pdftex.def)             Requested size: 250.93687pt x 92.84665pt.
Package epstopdf Info: Source file: <./Slike/follow_ramp_500hz_vel_err.eps>
(epstopdf)                    date: 2015-09-06 10:58:17
(epstopdf)                    size: 406561 bytes
(epstopdf)             Output file: <./Slike/follow_ramp_500hz_vel_err-eps-conv
erted-to.pdf>
(epstopdf)                    date: 2015-09-06 10:58:17
(epstopdf)                    size: 66823 bytes
(epstopdf)             Command: <epstopdf --outfile=./Slike/follow_ramp_500hz_v
el_err-eps-converted-to.pdf ./Slike/follow_ramp_500hz_vel_err.eps>
(epstopdf)             \includegraphics on input line 10.
Package epstopdf Info: Output file is already uptodate.

<./Slike/follow_ramp_500hz_vel_err-eps-converted-to.pdf, id=337, 501.875pt x 18
7.70125pt>
File: ./Slike/follow_ramp_500hz_vel_err-eps-converted-to.pdf Graphic file (type
 pdf)
 <use ./Slike/follow_ramp_500hz_vel_err-eps-converted-to.pdf>
Package pdftex.def Info: ./Slike/follow_ramp_500hz_vel_err-eps-converted-to.pdf
 used on input line 10.
(pdftex.def)             Requested size: 250.93687pt x 93.85039pt.

Overfull \hbox (2.61108pt too wide) has occurred while \output is active
[] 
 []

[49]
Overfull \hbox (2.61108pt too wide) has occurred while \output is active
[] 
 []

[50 <C:/Users/Vaio/Documents/GitHub/Diploma/Slike/follow_step_100hz_vel-eps-con
verted-to.pdf> <C:/Users/Vaio/Documents/GitHub/Diploma/Slike/follow_step_500hz_
vel-eps-converted-to.pdf>]

LaTeX Warning: `!h' float specifier changed to `!ht'.

) (C:\Users\Vaio\Documents\GitHub\Diploma\Slike\pa10jr3.tex
<./Slike/pa10jr3.png, id=362, 454.0965pt x 681.3455pt>
File: ./Slike/pa10jr3.png Graphic file (type png)

<use ./Slike/pa10jr3.png>
Package pdftex.def Info: ./Slike/pa10jr3.png used on input line 3.
(pdftex.def)             Requested size: 113.52383pt x 170.33595pt.

Underfull \vbox (badness 10000) has occurred while \output is active []


Overfull \hbox (2.61108pt too wide) has occurred while \output is active
[] 
 []

[51 <C:/Users/Vaio/Documents/GitHub/Diploma/Slike/notranje_koordinate_vel.png> 
<C:/Users/Vaio/Documents/GitHub/Diploma/Slike/zunanje_koordinate_vel.png>])
(C:\Users\Vaio\Documents\GitHub\Diploma\Slike\admitance_control.tex
<./Slike/admitance_control.png, id=367, 1407.75937pt x 597.73312pt>
File: ./Slike/admitance_control.png Graphic file (type png)

<use ./Slike/admitance_control.png>
Package pdftex.def Info: ./Slike/admitance_control.png used on input line 3.
(pdftex.def)             Requested size: 351.93898pt x 149.4329pt.


LaTeX Warning: `!h' float specifier changed to `!ht'.

) (C:\Users\Vaio\Documents\GitHub\Diploma\Slike\admitance_step.tex
Package epstopdf Info: Source file: <./Slike/figure_0_hz_100dt.eps>
(epstopdf)                    date: 2015-09-06 10:58:17
(epstopdf)                    size: 104409 bytes
(epstopdf)             Output file: <./Slike/figure_0_hz_100dt-eps-converted-to
.pdf>
(epstopdf)                    date: 2015-09-06 10:58:17
(epstopdf)                    size: 7610 bytes
(epstopdf)             Command: <epstopdf --outfile=./Slike/figure_0_hz_100dt-e
ps-converted-to.pdf ./Slike/figure_0_hz_100dt.eps>
(epstopdf)             \includegraphics on input line 27.
Package epstopdf Info: Output file is already uptodate.

<./Slike/figure_0_hz_100dt-eps-converted-to.pdf, id=368, 511.9125pt x 194.7275p
t>
File: ./Slike/figure_0_hz_100dt-eps-converted-to.pdf Graphic file (type pdf)
 <use ./Slike/figure_0_hz_100dt-eps-converted-to.pdf>
Package pdftex.def Info: ./Slike/figure_0_hz_100dt-eps-converted-to.pdf used on
 input line 27.
(pdftex.def)             Requested size: 255.95563pt x 97.3635pt.
Package epstopdf Info: Source file: <./Slike/figure_0_hz_5.eps>
(epstopdf)                    date: 2015-09-06 10:58:17
(epstopdf)                    size: 129575 bytes
(epstopdf)             Output file: <./Slike/figure_0_hz_5-eps-converted-to.pdf
>
(epstopdf)                    date: 2015-09-06 10:58:17
(epstopdf)                    size: 11253 bytes
(epstopdf)             Command: <epstopdf --outfile=./Slike/figure_0_hz_5-eps-c
onverted-to.pdf ./Slike/figure_0_hz_5.eps>
(epstopdf)             \includegraphics on input line 31.
Package epstopdf Info: Output file is already uptodate.

<./Slike/figure_0_hz_5-eps-converted-to.pdf, id=369, 502.87875pt x 194.7275pt>
File: ./Slike/figure_0_hz_5-eps-converted-to.pdf Graphic file (type pdf)

<use ./Slike/figure_0_hz_5-eps-converted-to.pdf>
Package pdftex.def Info: ./Slike/figure_0_hz_5-eps-converted-to.pdf used on inp
ut line 31.
(pdftex.def)             Requested size: 251.43875pt x 97.3635pt.

Overfull \hbox (2.61108pt too wide) has occurred while \output is active
[] 
 []

[52 <C:/Users/Vaio/Documents/GitHub/Diploma/Slike/follow_ramp_100hz_vel_err-eps
-converted-to.pdf> <C:/Users/Vaio/Documents/GitHub/Diploma/Slike/follow_ramp_50
0hz_vel_err-eps-converted-to.pdf>])
Overfull \hbox (2.61108pt too wide) has occurred while \output is active
[] 
 []

[53 <C:/Users/Vaio/Documents/GitHub/Diploma/Slike/pa10jr3.png> <C:/Users/Vaio/D
ocuments/GitHub/Diploma/Slike/admitance_control.png>]
(C:\Users\Vaio\Documents\GitHub\Diploma\Tabele\grav_params.tex

LaTeX Warning: No positions in optional float specifier.
               Default added (so using `tbp') on input line 1.

)
Underfull \vbox (badness 10000) has occurred while \output is active []


Overfull \hbox (2.61108pt too wide) has occurred while \output is active
[] 
 []

[54 <C:/Users/Vaio/Documents/GitHub/Diploma/Slike/figure_0_hz_100dt-eps-convert
ed-to.pdf> <C:/Users/Vaio/Documents/GitHub/Diploma/Slike/figure_0_hz_5-eps-conv
erted-to.pdf>]
(C:\Users\Vaio\Documents\GitHub\Diploma\Slike\friction_measure.tex

LaTeX Warning: No positions in optional float specifier.
               Default added (so using `tbp') on input line 2.

Package epstopdf Info: Source file: <./Slike/mesTorque1.eps>
(epstopdf)                    date: 2015-09-06 10:58:18
(epstopdf)                    size: 230021 bytes
(epstopdf)             Output file: <./Slike/mesTorque1-eps-converted-to.pdf>
(epstopdf)                    date: 2015-09-06 10:58:18
(epstopdf)                    size: 48067 bytes
(epstopdf)             Command: <epstopdf --outfile=./Slike/mesTorque1-eps-conv
erted-to.pdf ./Slike/mesTorque1.eps>
(epstopdf)             \includegraphics on input line 6.
Package epstopdf Info: Output file is already uptodate.
<./Slike/mesTorque1-eps-converted-to.pdf, id=420, 503.8825pt x 401.5pt>
File: ./Slike/mesTorque1-eps-converted-to.pdf Graphic file (type pdf)

<use ./Slike/mesTorque1-eps-converted-to.pdf>
Package pdftex.def Info: ./Slike/mesTorque1-eps-converted-to.pdf used on input 
line 6.
(pdftex.def)             Requested size: 151.16591pt x 120.45091pt.
Package epstopdf Info: Source file: <./Slike/mesTorque2.eps>
(epstopdf)                    date: 2015-09-06 10:58:18
(epstopdf)                    size: 276511 bytes
(epstopdf)             Output file: <./Slike/mesTorque2-eps-converted-to.pdf>
(epstopdf)                    date: 2015-09-06 10:58:18
(epstopdf)                    size: 56185 bytes
(epstopdf)             Command: <epstopdf --outfile=./Slike/mesTorque2-eps-conv
erted-to.pdf ./Slike/mesTorque2.eps>
(epstopdf)             \includegraphics on input line 10.
Package epstopdf Info: Output file is already uptodate.

<./Slike/mesTorque2-eps-converted-to.pdf, id=421, 503.8825pt x 401.5pt>
File: ./Slike/mesTorque2-eps-converted-to.pdf Graphic file (type pdf)

<use ./Slike/mesTorque2-eps-converted-to.pdf>
Package pdftex.def Info: ./Slike/mesTorque2-eps-converted-to.pdf used on input 
line 10.
(pdftex.def)             Requested size: 151.16591pt x 120.45091pt.
Package epstopdf Info: Source file: <./Slike/mesTorque3.eps>
(epstopdf)                    date: 2015-09-06 10:58:18
(epstopdf)                    size: 229671 bytes
(epstopdf)             Output file: <./Slike/mesTorque3-eps-converted-to.pdf>
(epstopdf)                    date: 2015-09-06 10:58:18
(epstopdf)                    size: 46502 bytes
(epstopdf)             Command: <epstopdf --outfile=./Slike/mesTorque3-eps-conv
erted-to.pdf ./Slike/mesTorque3.eps>
(epstopdf)             \includegraphics on input line 13.
Package epstopdf Info: Output file is already uptodate.

<./Slike/mesTorque3-eps-converted-to.pdf, id=422, 520.94624pt x 409.53pt>
File: ./Slike/mesTorque3-eps-converted-to.pdf Graphic file (type pdf)

<use ./Slike/mesTorque3-eps-converted-to.pdf>
Package pdftex.def Info: ./Slike/mesTorque3-eps-converted-to.pdf used on input 
line 13.
(pdftex.def)             Requested size: 156.28508pt x 122.85994pt.
Package epstopdf Info: Source file: <./Slike/mesTorque4.eps>
(epstopdf)                    date: 2015-09-06 10:58:18
(epstopdf)                    size: 229057 bytes
(epstopdf)             Output file: <./Slike/mesTorque4-eps-converted-to.pdf>
(epstopdf)                    date: 2015-09-06 10:58:18
(epstopdf)                    size: 47574 bytes
(epstopdf)             Command: <epstopdf --outfile=./Slike/mesTorque4-eps-conv
erted-to.pdf ./Slike/mesTorque4.eps>
(epstopdf)             \includegraphics on input line 16.
Package epstopdf Info: Output file is already uptodate.

<./Slike/mesTorque4-eps-converted-to.pdf, id=423, 520.94624pt x 401.5pt>
File: ./Slike/mesTorque4-eps-converted-to.pdf Graphic file (type pdf)

<use ./Slike/mesTorque4-eps-converted-to.pdf>
Package pdftex.def Info: ./Slike/mesTorque4-eps-converted-to.pdf used on input 
line 16.
(pdftex.def)             Requested size: 156.28508pt x 120.45091pt.
Package epstopdf Info: Source file: <./Slike/mesTorque5.eps>
(epstopdf)                    date: 2015-09-06 10:58:18
(epstopdf)                    size: 230519 bytes
(epstopdf)             Output file: <./Slike/mesTorque5-eps-converted-to.pdf>
(epstopdf)                    date: 2015-09-06 10:58:18
(epstopdf)                    size: 45048 bytes
(epstopdf)             Command: <epstopdf --outfile=./Slike/mesTorque5-eps-conv
erted-to.pdf ./Slike/mesTorque5.eps>
(epstopdf)             \includegraphics on input line 19.
Package epstopdf Info: Output file is already uptodate.

<./Slike/mesTorque5-eps-converted-to.pdf, id=424, 523.9575pt x 401.5pt>
File: ./Slike/mesTorque5-eps-converted-to.pdf Graphic file (type pdf)

<use ./Slike/mesTorque5-eps-converted-to.pdf>
Package pdftex.def Info: ./Slike/mesTorque5-eps-converted-to.pdf used on input 
line 19.
(pdftex.def)             Requested size: 157.18846pt x 120.45091pt.
Package epstopdf Info: Source file: <./Slike/mesTorque6.eps>
(epstopdf)                    date: 2015-09-06 10:58:19
(epstopdf)                    size: 230711 bytes
(epstopdf)             Output file: <./Slike/mesTorque6-eps-converted-to.pdf>
(epstopdf)                    date: 2015-09-06 11:40:35
(epstopdf)                    size: 45624 bytes
(epstopdf)             Command: <epstopdf --outfile=./Slike/mesTorque6-eps-conv
erted-to.pdf ./Slike/mesTorque6.eps>
(epstopdf)             \includegraphics on input line 22.
Package epstopdf Info: Output file is already uptodate.

<./Slike/mesTorque6-eps-converted-to.pdf, id=425, 523.9575pt x 401.5pt>
File: ./Slike/mesTorque6-eps-converted-to.pdf Graphic file (type pdf)

<use ./Slike/mesTorque6-eps-converted-to.pdf>
Package pdftex.def Info: ./Slike/mesTorque6-eps-converted-to.pdf used on input 
line 22.
(pdftex.def)             Requested size: 157.18846pt x 120.45091pt.
Package epstopdf Info: Source file: <./Slike/mesTorque7.eps>
(epstopdf)                    date: 2015-09-06 10:58:19
(epstopdf)                    size: 171568 bytes
(epstopdf)             Output file: <./Slike/mesTorque7-eps-converted-to.pdf>
(epstopdf)                    date: 2015-09-06 10:58:19
(epstopdf)                    size: 29622 bytes
(epstopdf)             Command: <epstopdf --outfile=./Slike/mesTorque7-eps-conv
erted-to.pdf ./Slike/mesTorque7.eps>
(epstopdf)             \includegraphics on input line 25.
Package epstopdf Info: Output file is already uptodate.

<./Slike/mesTorque7-eps-converted-to.pdf, id=426, 523.9575pt x 408.52625pt>
File: ./Slike/mesTorque7-eps-converted-to.pdf Graphic file (type pdf)

<use ./Slike/mesTorque7-eps-converted-to.pdf>
Package pdftex.def Info: ./Slike/mesTorque7-eps-converted-to.pdf used on input 
line 25.
(pdftex.def)             Requested size: 157.18846pt x 122.55882pt.


LaTeX Warning: Float too large for page by 10.45262pt on input line 29.

) (C:\Users\Vaio\Documents\GitHub\Diploma\Tabele\friction_params.tex

LaTeX Warning: No positions in optional float specifier.
               Default added (so using `tbp') on input line 1.

) (C:\Users\Vaio\Documents\GitHub\Diploma\Slike\torque_follow_step.tex
Package epstopdf Info: Source file: <./Slike/follow_step_100hz_tq.eps>
(epstopdf)                    date: 2015-09-06 10:58:18
(epstopdf)                    size: 231690 bytes
(epstopdf)             Output file: <./Slike/follow_step_100hz_tq-eps-converted
-to.pdf>
(epstopdf)                    date: 2015-09-06 10:58:18
(epstopdf)                    size: 12843 bytes
(epstopdf)             Command: <epstopdf --outfile=./Slike/follow_step_100hz_t
q-eps-converted-to.pdf ./Slike/follow_step_100hz_tq.eps>
(epstopdf)             \includegraphics on input line 6.
Package epstopdf Info: Output file is already uptodate.

<./Slike/follow_step_100hz_tq-eps-converted-to.pdf, id=427, 508.90125pt x 405.5
15pt>
File: ./Slike/follow_step_100hz_tq-eps-converted-to.pdf Graphic file (type pdf)

 <use ./Slike/follow_step_100hz_tq-eps-converted-to.pdf>
Package pdftex.def Info: ./Slike/follow_step_100hz_tq-eps-converted-to.pdf used
 on input line 6.
(pdftex.def)             Requested size: 254.45pt x 202.75699pt.
Package epstopdf Info: Source file: <./Slike/follow_step_500hz_tq.eps>
(epstopdf)                    date: 2015-09-06 10:58:18
(epstopdf)                    size: 548706 bytes
(epstopdf)             Output file: <./Slike/follow_step_500hz_tq-eps-converted
-to.pdf>
(epstopdf)                    date: 2015-09-06 10:58:18
(epstopdf)                    size: 86388 bytes
(epstopdf)             Command: <epstopdf --outfile=./Slike/follow_step_500hz_t
q-eps-converted-to.pdf ./Slike/follow_step_500hz_tq.eps>
(epstopdf)             \includegraphics on input line 10.
Package epstopdf Info: Output file is already uptodate.

<./Slike/follow_step_500hz_tq-eps-converted-to.pdf, id=428, 509.905pt x 407.522
5pt>
File: ./Slike/follow_step_500hz_tq-eps-converted-to.pdf Graphic file (type pdf)

 <use ./Slike/follow_step_500hz_tq-eps-converted-to.pdf>
Package pdftex.def Info: ./Slike/follow_step_500hz_tq-eps-converted-to.pdf used
 on input line 10.
(pdftex.def)             Requested size: 254.95187pt x 203.76074pt.
)
(C:\Users\Vaio\Documents\GitHub\Diploma\Slike\notranje_koordinate_tq.tex
<./Slike/notranje_koordinate_tq.png, id=429, 1261.71375pt x 405.01312pt>
File: ./Slike/notranje_koordinate_tq.png Graphic file (type png)

<use ./Slike/notranje_koordinate_tq.png>
Package pdftex.def Info: ./Slike/notranje_koordinate_tq.png used on input line 
3.
(pdftex.def)             Requested size: 315.42766pt x 101.25302pt.
)
Overfull \hbox (2.61108pt too wide) has occurred while \output is active
[] 
 []

[55]
Overfull \hbox (2.61108pt too wide) has occurred while \output is active
[] 
 []

[56 <C:/Users/Vaio/Documents/GitHub/Diploma/Slike/mesTorque1-eps-converted-to.p
df> <C:/Users/Vaio/Documents/GitHub/Diploma/Slike/mesTorque2-eps-converted-to.p
df> <C:/Users/Vaio/Documents/GitHub/Diploma/Slike/mesTorque3-eps-converted-to.p
df> <C:/Users/Vaio/Documents/GitHub/Diploma/Slike/mesTorque4-eps-converted-to.p
df> <C:/Users/Vaio/Documents/GitHub/Diploma/Slike/mesTorque5-eps-converted-to.p
df> <C:/Users/Vaio/Documents/GitHub/Diploma/Slike/mesTorque6-eps-converted-to.p
df> <C:/Users/Vaio/Documents/GitHub/Diploma/Slike/mesTorque7-eps-converted-to.p
df>]
Overfull \hbox (2.61108pt too wide) has occurred while \output is active
[] 
 []

[57 <C:/Users/Vaio/Documents/GitHub/Diploma/Slike/follow_step_100hz_tq-eps-conv
erted-to.pdf> <C:/Users/Vaio/Documents/GitHub/Diploma/Slike/follow_step_500hz_t
q-eps-converted-to.pdf>]
Overfull \hbox (2.61108pt too wide) has occurred while \output is active
[] 
 []

[58 <C:/Users/Vaio/Documents/GitHub/Diploma/Slike/notranje_koordinate_tq.png>]
(C:\Users\Vaio\Documents\GitHub\Diploma\Slike\follow_ramp_tq.tex
Package epstopdf Info: Source file: <./Slike/follow_ramp_100hz_tq_err.eps>
(epstopdf)                    date: 2015-09-06 10:58:17
(epstopdf)                    size: 223036 bytes
(epstopdf)             Output file: <./Slike/follow_ramp_100hz_tq_err-eps-conve
rted-to.pdf>
(epstopdf)                    date: 2015-09-06 10:58:17
(epstopdf)                    size: 16082 bytes
(epstopdf)             Command: <epstopdf --outfile=./Slike/follow_ramp_100hz_t
q_err-eps-converted-to.pdf ./Slike/follow_ramp_100hz_tq_err.eps>
(epstopdf)             \includegraphics on input line 6.
Package epstopdf Info: Output file is already uptodate.

<./Slike/follow_ramp_100hz_tq_err-eps-converted-to.pdf, id=502, 509.905pt x 185
.69376pt>
File: ./Slike/follow_ramp_100hz_tq_err-eps-converted-to.pdf Graphic file (type 
pdf)
 <use ./Slike/follow_ramp_100hz_tq_err-eps-converted-to.pdf>
Package pdftex.def Info: ./Slike/follow_ramp_100hz_tq_err-eps-converted-to.pdf 
used on input line 6.
(pdftex.def)             Requested size: 254.95187pt x 92.84665pt.
Package epstopdf Info: Source file: <./Slike/follow_ramp_500hz_tq_err.eps>
(epstopdf)                    date: 2015-09-06 10:58:17
(epstopdf)                    size: 402848 bytes
(epstopdf)             Output file: <./Slike/follow_ramp_500hz_tq_err-eps-conve
rted-to.pdf>
(epstopdf)                    date: 2015-09-06 10:58:17
(epstopdf)                    size: 49667 bytes
(epstopdf)             Command: <epstopdf --outfile=./Slike/follow_ramp_500hz_t
q_err-eps-converted-to.pdf ./Slike/follow_ramp_500hz_tq_err.eps>
(epstopdf)             \includegraphics on input line 10.
Package epstopdf Info: Output file is already uptodate.

<./Slike/follow_ramp_500hz_tq_err-eps-converted-to.pdf, id=503, 508.90125pt x 1
85.69376pt>
File: ./Slike/follow_ramp_500hz_tq_err-eps-converted-to.pdf Graphic file (type 
pdf)
 <use ./Slike/follow_ramp_500hz_tq_err-eps-converted-to.pdf>
Package pdftex.def Info: ./Slike/follow_ramp_500hz_tq_err-eps-converted-to.pdf 
used on input line 10.
(pdftex.def)             Requested size: 254.45pt x 92.84665pt.
)
(C:\Users\Vaio\Documents\GitHub\Diploma\Slike\zunanje_koordinate_tq.tex
<./Slike/zunanje_koordinate_tq.png, id=504, 1373.13pt x 624.83438pt>
File: ./Slike/zunanje_koordinate_tq.png Graphic file (type png)

<use ./Slike/zunanje_koordinate_tq.png>
Package pdftex.def Info: ./Slike/zunanje_koordinate_tq.png used on input line 3
.
(pdftex.def)             Requested size: 343.28166pt x 156.2082pt.
)
Underfull \vbox (badness 10000) has occurred while \output is active []


Overfull \hbox (2.61108pt too wide) has occurred while \output is active
[] 
 []

[59 <C:/Users/Vaio/Documents/GitHub/Diploma/Slike/follow_ramp_100hz_tq_err-eps-
converted-to.pdf> <C:/Users/Vaio/Documents/GitHub/Diploma/Slike/follow_ramp_500
hz_tq_err-eps-converted-to.pdf>]
(C:\Users\Vaio\Documents\GitHub\Diploma\Slike\impedance_control.tex
<./Slike/impedance_control.png, id=527, 1416.79312pt x 591.71063pt>
File: ./Slike/impedance_control.png Graphic file (type png)

<use ./Slike/impedance_control.png>
Package pdftex.def Info: ./Slike/impedance_control.png used on input line 3.
(pdftex.def)             Requested size: 354.19742pt x 147.92729pt.
)

LaTeX Warning: `!h' float specifier changed to `!ht'.

(C:\Users\Vaio\Documents\GitHub\Diploma\Slike\impedance_step.tex
Package epstopdf Info: Source file: <./Slike/follow_step_impedance.eps>
(epstopdf)                    date: 2015-09-06 10:58:18
(epstopdf)                    size: 131597 bytes
(epstopdf)             Output file: <./Slike/follow_step_impedance-eps-converte
d-to.pdf>
(epstopdf)                    date: 2015-09-06 10:58:18
(epstopdf)                    size: 12062 bytes
(epstopdf)             Command: <epstopdf --outfile=./Slike/follow_step_impedan
ce-eps-converted-to.pdf ./Slike/follow_step_impedance.eps>
(epstopdf)             \includegraphics on input line 3.
Package epstopdf Info: Output file is already uptodate.

<./Slike/follow_step_impedance-eps-converted-to.pdf, id=528, 511.9125pt x 193.7
2375pt>
File: ./Slike/follow_step_impedance-eps-converted-to.pdf Graphic file (type pdf
)
 <use ./Slike/follow_step_impedance-eps-converted-to.pdf>
Package pdftex.def Info: ./Slike/follow_step_impedance-eps-converted-to.pdf use
d on input line 3.
(pdftex.def)             Requested size: 255.95563pt x 96.86163pt.
)
Overfull \hbox (2.61108pt too wide) has occurred while \output is active
[] 
 []

[60 <C:/Users/Vaio/Documents/GitHub/Diploma/Slike/zunanje_koordinate_tq.png>]
(C:\Users\Vaio\Documents\GitHub\Diploma\Slike\follow_step_vel_zoom.tex
Package epstopdf Info: Source file: <./Slike/follow_step_vel_zoom.eps>
(epstopdf)                    date: 2015-09-06 10:58:18
(epstopdf)                    size: 101168 bytes
(epstopdf)             Output file: <./Slike/follow_step_vel_zoom-eps-converted
-to.pdf>
(epstopdf)                    date: 2015-09-06 10:58:18
(epstopdf)                    size: 5564 bytes
(epstopdf)             Command: <epstopdf --outfile=./Slike/follow_step_vel_zoo
m-eps-converted-to.pdf ./Slike/follow_step_vel_zoom.eps>
(epstopdf)             \includegraphics on input line 3.
Package epstopdf Info: Output file is already uptodate.

<./Slike/follow_step_vel_zoom-eps-converted-to.pdf, id=533, 509.905pt x 194.727
5pt>
File: ./Slike/follow_step_vel_zoom-eps-converted-to.pdf Graphic file (type pdf)

 <use ./Slike/follow_step_vel_zoom-eps-converted-to.pdf>
Package pdftex.def Info: ./Slike/follow_step_vel_zoom-eps-converted-to.pdf used
 on input line 3.
(pdftex.def)             Requested size: 254.95187pt x 97.3635pt.
)
Overfull \hbox (2.61108pt too wide) has occurred while \output is active
[] 
 []

[61 <C:/Users/Vaio/Documents/GitHub/Diploma/Slike/impedance_control.png> <C:/Us
ers/Vaio/Documents/GitHub/Diploma/Slike/follow_step_impedance-eps-converted-to.
pdf>]
Overfull \hbox (2.61108pt too wide) has occurred while \output is active
[] 
 []

[62 <C:/Users/Vaio/Documents/GitHub/Diploma/Slike/follow_step_vel_zoom-eps-conv
erted-to.pdf>]
  6.

Underfull \vbox (badness 10000) has occurred while \output is active []

 [63

]
(C:\Users\Vaio\Documents\GitHub\Diploma\magistrska_timotej_gaspar.bbl
Overfull \hbox (2.61108pt too wide) has occurred while \output is active
[] 
 []

[64]
Overfull \hbox (17.50568pt too wide) in paragraph at lines 13--16
[]\OT1/cmr/m/n/12 ``ISO 8373:2012.'' Do-se-gljivo: https://www.iso.org/obp/ui/#
iso:std:iso:8373:ed-
 []

[65

]
Underfull \hbox (badness 7740) in paragraph at lines 89--92
[]\OT1/cmr/m/n/12 Y. Cao, ``Le-ar-ning the Kal-man Fil-ter in Si-mu-link v2.1.'
' Do-
 []


Underfull \hbox (badness 3872) in paragraph at lines 89--92
\OT1/cmr/m/n/12 se-gljivo: http://www.mathworks.com/matlabcentral/fileexchange/
18465-
 []


Overfull \hbox (2.61108pt too wide) has occurred while \output is active
[] 
 []

[66])
Overfull \hbox (2.61108pt too wide) has occurred while \output is active
[] 
 []

[67]
Overfull \hbox (2.61108pt too wide) has occurred while \output is active
[] 
 []

[68

] [69]
Overfull \hbox (2.61108pt too wide) has occurred while \output is active
[] 
 []

[70

]
  A.
(C:\Users\Vaio\Documents\GitHub\Diploma\Slike\jr3_calibration.tex
<./Slike/jr3_calibration.png, id=578, 202.50656pt x 345.54094pt>
File: ./Slike/jr3_calibration.png Graphic file (type png)

<use ./Slike/jr3_calibration.png>
Package pdftex.def Info: ./Slike/jr3_calibration.png used on input line 3.
(pdftex.def)             Requested size: 101.25302pt x 172.77003pt.
) [71 <C:/Users/Vaio/Documents/GitHub/Diploma/Slike/jr3_calibration.png>]
Overfull \hbox (2.61108pt too wide) has occurred while \output is active
[] 
 []

[72

]
  B.
LaTeX Font Info:    Font shape `OMS/cmr/bx/n' in size <14.4> not available
(Font)              Font shape `OMS/cmsy/b/n' tried instead on input line 1121.

(C:\Users\Vaio\Documents\GitHub\Diploma\Slike\simulink-pa-10.tex
Package epstopdf Info: Source file: <./Slike/simulink-pa-10.eps>
(epstopdf)                    date: 2015-09-06 10:58:19
(epstopdf)                    size: 78974 bytes
(epstopdf)             Output file: <./Slike/simulink-pa-10-eps-converted-to.pd
f>
(epstopdf)                    date: 2015-09-06 10:58:19
(epstopdf)                    size: 7263 bytes
(epstopdf)             Command: <epstopdf --outfile=./Slike/simulink-pa-10-eps-
converted-to.pdf ./Slike/simulink-pa-10.eps>
(epstopdf)             \includegraphics on input line 3.
Package epstopdf Info: Output file is already uptodate.

<./Slike/simulink-pa-10-eps-converted-to.pdf, id=587, 87.32625pt x 92.345pt>
File: ./Slike/simulink-pa-10-eps-converted-to.pdf Graphic file (type pdf)

<use ./Slike/simulink-pa-10-eps-converted-to.pdf>
Package pdftex.def Info: ./Slike/simulink-pa-10-eps-converted-to.pdf used on in
put line 3.
(pdftex.def)             Requested size: 87.32603pt x 92.34476pt.
) [73 <C:/Users/Vaio/Documents/GitHub/Diploma/Slike/simulink-pa-10-eps-converte
d-to.pdf>]
(C:\Users\Vaio\Documents\GitHub\Diploma\Slike\simulink-pa-10-inside.tex
<./Slike/simulink-pa-10-inside.png, id=598, 1412.27625pt x 393.72093pt>
File: ./Slike/simulink-pa-10-inside.png Graphic file (type png)

<use ./Slike/simulink-pa-10-inside.png>
Package pdftex.def Info: ./Slike/simulink-pa-10-inside.png used on input line 3
.
(pdftex.def)             Requested size: 282.45024pt x 78.74278pt.
)
LaTeX Font Info:    Font shape `OMS/cmr/m/sl' in size <8> not available
(Font)              Font shape `OMS/cmsy/m/n' tried instead on input line 1159.


Overfull \hbox (2.61108pt too wide) has occurred while \output is active
[] 
 []

[74 <C:/Users/Vaio/Documents/GitHub/Diploma/Slike/simulink-pa-10-inside.png>]
(C:\Users\Vaio\Documents\GitHub\Diploma\magistrska_timotej_gaspar.aux) ) 
Here is how much of TeX's memory you used:
 17542 strings out of 493921
 334461 string characters out of 3147285
 456466 words of memory out of 3000000
 20246 multiletter control sequences out of 15000+200000
 18902 words of font info for 70 fonts, out of 3000000 for 9000
 841 hyphenation exceptions out of 8191
 56i,17n,63p,3304b,691s stack positions out of 5000i,500n,10000p,200000b,50000s
<C:/Pro
gram Files/MiKTeX 2.9/fonts/type1/public/amsfonts/cm/cmbsy10.pfb><C:/Program Fi
les/MiKTeX 2.9/fonts/type1/public/amsfonts/cmextra/cmbsy8.pfb><C:/Program Files
/MiKTeX 2.9/fonts/type1/public/amsfonts/cm/cmbx10.pfb><C:/Program Files/MiKTeX 
2.9/fonts/type1/public/amsfonts/cm/cmbx12.pfb><C:/Program Files/MiKTeX 2.9/font
s/type1/public/amsfonts/cm/cmbx6.pfb><C:/Program Files/MiKTeX 2.9/fonts/type1/p
ublic/amsfonts/cm/cmbx8.pfb><C:/Program Files/MiKTeX 2.9/fonts/type1/public/ams
fonts/cm/cmex10.pfb><C:/Program Files/MiKTeX 2.9/fonts/type1/public/amsfonts/cm
/cmmi12.pfb><C:/Program Files/MiKTeX 2.9/fonts/type1/public/amsfonts/cm/cmmi6.p
fb><C:/Program Files/MiKTeX 2.9/fonts/type1/public/amsfonts/cm/cmmi8.pfb><C:/Pr
ogram Files/MiKTeX 2.9/fonts/type1/public/amsfonts/cm/cmmib10.pfb><C:/Program F
iles/MiKTeX 2.9/fonts/type1/public/amsfonts/cm/cmr10.pfb><C:/Program Files/MiKT
eX 2.9/fonts/type1/public/amsfonts/cm/cmr12.pfb><C:/Program Files/MiKTeX 2.9/fo
nts/type1/public/amsfonts/cm/cmr17.pfb><C:/Program Files/MiKTeX 2.9/fonts/type1
/public/amsfonts/cm/cmr5.pfb><C:/Program Files/MiKTeX 2.9/fonts/type1/public/am
sfonts/cm/cmr6.pfb><C:/Program Files/MiKTeX 2.9/fonts/type1/public/amsfonts/cm/
cmr8.pfb><C:/Program Files/MiKTeX 2.9/fonts/type1/public/amsfonts/cm/cmsl12.pfb
><C:/Program Files/MiKTeX 2.9/fonts/type1/public/amsfonts/cm/cmsy10.pfb><C:/Pro
gram Files/MiKTeX 2.9/fonts/type1/public/amsfonts/cm/cmsy6.pfb><C:/Program File
s/MiKTeX 2.9/fonts/type1/public/amsfonts/cm/cmsy7.pfb><C:/Program Files/MiKTeX 
2.9/fonts/type1/public/amsfonts/cm/cmsy8.pfb><C:/Program Files/MiKTeX 2.9/fonts
/type1/public/amsfonts/cm/cmti12.pfb><C:/Program Files/MiKTeX 2.9/fonts/type1/p
ublic/amsfonts/cm/cmtt12.pfb>
Output written on magistrska_timotej_gaspar.pdf (88 pages, 6597952 bytes).
PDF statistics:
 679 PDF objects out of 1000 (max. 8388607)
 0 named destinations out of 1000 (max. 500000)
 259 words of extra memory for PDF output out of 10000 (max. 10000000)

