This is pdfTeX, Version 3.14159265-2.6-1.40.15 (MiKTeX 2.9) (preloaded format=pdflatex 2015.5.18)  18 MAY 2015 17:04
entering extended mode
**magisterska_timotej_gaspar.tex
(magisterska_timotej_gaspar.tex
LaTeX2e <2015/01/01>
Babel <3.9l> and hyphenation patterns for 0 languages loaded.
("C:\Program Files\MiKTeX\tex\latex\base\book.cls"
Document Class: book 2014/09/29 v1.4h Standard LaTeX document class
("C:\Program Files\MiKTeX\tex\latex\base\bk12.clo"
File: bk12.clo 2014/09/29 v1.4h Standard LaTeX file (size option)
)
\c@part=\count79
\c@chapter=\count80
\c@section=\count81
\c@subsection=\count82
\c@subsubsection=\count83
\c@paragraph=\count84
\c@subparagraph=\count85
\c@figure=\count86
\c@table=\count87
\abovecaptionskip=\skip41
\belowcaptionskip=\skip42
\bibindent=\dimen102
)
("C:\Program Files\MiKTeX\tex\latex\base\inputenc.sty"
Package: inputenc 2015/03/17 v1.2c Input encoding file
\inpenc@prehook=\toks14
\inpenc@posthook=\toks15

("C:\Program Files\MiKTeX\tex\latex\base\cp1250.def"
File: cp1250.def 2015/03/17 v1.2c Input encoding file
))
("C:\Program Files\MiKTeX\tex\latex\babel\babel.sty"
Package: babel 2014/09/25 3.9l The Babel package

*************************************
* Local config file bblopts.cfg used
*
("C:\Program Files\MiKTeX\tex\latex\00miktex\bblopts.cfg"
File: bblopts.cfg 2006/07/31 v1.0 MiKTeX 'babel' configuration
)
("C:\Program Files\MiKTeX\tex\latex\babel-slovenian\Slovene.ldf"
Language: slovene 2005/03/31 v1.2m Slovene support from the babel system

("C:\Program Files\MiKTeX\tex\latex\babel\babel.def"
File: babel.def 2014/09/25 3.9l Babel common definitions
\babel@savecnt=\count88
\U@D=\dimen103
)

Package babel Warning: No hyphenation patterns were preloaded for
(babel)                the language `Slovene' into the format.
(babel)                Please, configure your TeX system to add them and
(babel)                rebuild the format. Now I will use the patterns
(babel)                preloaded for \language=0 instead on input line 49.

\l@slovene = a dialect from \language0
Package babel Info: Making " an active character on input line 79.
)) (UNI-LJ-FE-Diploma.sty

UNI-LJ-FE-Diploma stilska opcija V.1.0 junij 2013
Stilska opcija za diplome na Fakulteti za elektrotehniko Univerze v Ljubljani
Izvedena iz DOKT-STYLE OPTION V.1.01 9.1.1992
Avtor: Sa\v so Toma\v zi\v c
Dopolnil: Jus Kocijan 
Dopolnil: Ales Hribar 2006
Dopolnil: Sebastjan Slajpah, 2013
Dopolnil in pre\v cistil: Sa\v so Toma\v zi\v c, 2013

("C:\Program Files\MiKTeX\tex\latex\amsmath\amsmath.sty"
Package: amsmath 2013/01/14 v2.14 AMS math features
\@mathmargin=\skip43

For additional information on amsmath, use the `?' option.
("C:\Program Files\MiKTeX\tex\latex\amsmath\amstext.sty"
Package: amstext 2000/06/29 v2.01

("C:\Program Files\MiKTeX\tex\latex\amsmath\amsgen.sty"
File: amsgen.sty 1999/11/30 v2.0
\@emptytoks=\toks16
\ex@=\dimen104
))
("C:\Program Files\MiKTeX\tex\latex\amsmath\amsbsy.sty"
Package: amsbsy 1999/11/29 v1.2d
\pmbraise@=\dimen105
)
("C:\Program Files\MiKTeX\tex\latex\amsmath\amsopn.sty"
Package: amsopn 1999/12/14 v2.01 operator names
)
\inf@bad=\count89
LaTeX Info: Redefining \frac on input line 210.
\uproot@=\count90
\leftroot@=\count91
LaTeX Info: Redefining \overline on input line 306.
\classnum@=\count92
\DOTSCASE@=\count93
LaTeX Info: Redefining \ldots on input line 378.
LaTeX Info: Redefining \dots on input line 381.
LaTeX Info: Redefining \cdots on input line 466.
\Mathstrutbox@=\box26
\strutbox@=\box27
\big@size=\dimen106
LaTeX Font Info:    Redeclaring font encoding OML on input line 566.
LaTeX Font Info:    Redeclaring font encoding OMS on input line 567.
\macc@depth=\count94
\c@MaxMatrixCols=\count95
\dotsspace@=\muskip10
\c@parentequation=\count96
\dspbrk@lvl=\count97
\tag@help=\toks17
\row@=\count98
\column@=\count99
\maxfields@=\count100
\andhelp@=\toks18
\eqnshift@=\dimen107
\alignsep@=\dimen108
\tagshift@=\dimen109
\tagwidth@=\dimen110
\totwidth@=\dimen111
\lineht@=\dimen112
\@envbody=\toks19
\multlinegap=\skip44
\multlinetaggap=\skip45
\mathdisplay@stack=\toks20
LaTeX Info: Redefining \[ on input line 2665.
LaTeX Info: Redefining \] on input line 2666.
)
("C:\Program Files\MiKTeX\tex\latex\graphics\graphicx.sty"
Package: graphicx 2014/10/28 v1.0g Enhanced LaTeX Graphics (DPC,SPQR)

("C:\Program Files\MiKTeX\tex\latex\graphics\keyval.sty"
Package: keyval 2014/10/28 v1.15 key=value parser (DPC)
\KV@toks@=\toks21
)
("C:\Program Files\MiKTeX\tex\latex\graphics\graphics.sty"
Package: graphics 2014/10/28 v1.0p Standard LaTeX Graphics (DPC,SPQR)

("C:\Program Files\MiKTeX\tex\latex\graphics\trig.sty"
Package: trig 1999/03/16 v1.09 sin cos tan (DPC)
)
("C:\Program Files\MiKTeX\tex\latex\00miktex\graphics.cfg"
File: graphics.cfg 2007/01/18 v1.5 graphics configuration of teTeX/TeXLive
)
Package graphics Info: Driver file: pdftex.def on input line 94.

("C:\Program Files\MiKTeX\tex\latex\pdftex-def\pdftex.def"
File: pdftex.def 2011/05/27 v0.06d Graphics/color for pdfTeX

("C:\Program Files\MiKTeX\tex\generic\oberdiek\infwarerr.sty"
Package: infwarerr 2010/04/08 v1.3 Providing info/warning/error messages (HO)
)
("C:\Program Files\MiKTeX\tex\generic\oberdiek\ltxcmds.sty"
Package: ltxcmds 2011/11/09 v1.22 LaTeX kernel commands for general use (HO)
)
\Gread@gobject=\count101
))
\Gin@req@height=\dimen113
\Gin@req@width=\dimen114
)
("C:\Program Files\MiKTeX\tex\latex\oberdiek\epstopdf.sty"
Package: epstopdf 2010/02/09 v2.5 Conversion with epstopdf on the fly (HO)

("C:\Program Files\MiKTeX\tex\latex\oberdiek\epstopdf-base.sty"
Package: epstopdf-base 2010/02/09 v2.5 Base part for package epstopdf

("C:\Program Files\MiKTeX\tex\latex\oberdiek\grfext.sty"
Package: grfext 2010/08/19 v1.1 Manage graphics extensions (HO)

("C:\Program Files\MiKTeX\tex\generic\oberdiek\kvdefinekeys.sty"
Package: kvdefinekeys 2011/04/07 v1.3 Define keys (HO)
))
("C:\Program Files\MiKTeX\tex\latex\oberdiek\kvoptions.sty"
Package: kvoptions 2011/06/30 v3.11 Key value format for package options (HO)

("C:\Program Files\MiKTeX\tex\generic\oberdiek\kvsetkeys.sty"
Package: kvsetkeys 2012/04/25 v1.16 Key value parser (HO)

("C:\Program Files\MiKTeX\tex\generic\oberdiek\etexcmds.sty"
Package: etexcmds 2011/02/16 v1.5 Avoid name clashes with e-TeX commands (HO)

("C:\Program Files\MiKTeX\tex\generic\oberdiek\ifluatex.sty"
Package: ifluatex 2010/03/01 v1.3 Provides the ifluatex switch (HO)
Package ifluatex Info: LuaTeX not detected.
)
Package etexcmds Info: Could not find \expanded.
(etexcmds)             That can mean that you are not using pdfTeX 1.50 or
(etexcmds)             that some package has redefined \expanded.
(etexcmds)             In the latter case, load this package earlier.
)))
("C:\Program Files\MiKTeX\tex\generic\oberdiek\pdftexcmds.sty"
Package: pdftexcmds 2011/11/29 v0.20 Utility functions of pdfTeX for LuaTeX (HO
)

("C:\Program Files\MiKTeX\tex\generic\oberdiek\ifpdf.sty"
Package: ifpdf 2011/01/30 v2.3 Provides the ifpdf switch (HO)
Package ifpdf Info: pdfTeX in PDF mode is detected.
)
Package pdftexcmds Info: LuaTeX not detected.
Package pdftexcmds Info: \pdf@primitive is available.
Package pdftexcmds Info: \pdf@ifprimitive is available.
Package pdftexcmds Info: \pdfdraftmode found.
)
Package grfext Info: Graphics extension search list:
(grfext)             [.png,.pdf,.jpg,.mps,.jpeg,.jbig2,.jb2,.PNG,.PDF,.JPG,.JPE
G,.JBIG2,.JB2,.eps]
(grfext)             \AppendGraphicsExtensions on input line 452.
))
\epsffilein=\read1
\epsfxsize=\dimen115
\epsfysize=\dimen116
\epsftsize=\dimen117
\epsfrsize=\dimen118
\epsftmp=\dimen119
\pspoints=\dimen120
\xcelo=\count102
\xdec=\count103
\xxdec=\count104
\xxxdec=\count105
\ycelo=\count106
\ydec=\count107
\yydec=\count108
\yyydec=\count109
\tmpcount=\count110
)
No file magisterska_timotej_gaspar.aux.
LaTeX Font Info:    Checking defaults for OML/cmm/m/it on input line 24.
LaTeX Font Info:    ... okay on input line 24.
LaTeX Font Info:    Checking defaults for T1/cmr/m/n on input line 24.
LaTeX Font Info:    ... okay on input line 24.
LaTeX Font Info:    Checking defaults for OT1/cmr/m/n on input line 24.
LaTeX Font Info:    ... okay on input line 24.
LaTeX Font Info:    Checking defaults for OMS/cmsy/m/n on input line 24.
LaTeX Font Info:    ... okay on input line 24.
LaTeX Font Info:    Checking defaults for OMX/cmex/m/n on input line 24.
LaTeX Font Info:    ... okay on input line 24.
LaTeX Font Info:    Checking defaults for U/cmr/m/n on input line 24.
LaTeX Font Info:    ... okay on input line 24.
("C:\Program Files\MiKTeX\tex\context\base\supp-pdf.mkii"
[Loading MPS to PDF converter (version 2006.09.02).]
\scratchcounter=\count111
\scratchdimen=\dimen121
\scratchbox=\box28
\nofMPsegments=\count112
\nofMParguments=\count113
\everyMPshowfont=\toks22
\MPscratchCnt=\count114
\MPscratchDim=\dimen122
\MPnumerator=\count115
\makeMPintoPDFobject=\count116
\everyMPtoPDFconversion=\toks23
) [1




pdfTeX warning: miktex-pdftex.exe (file pdftex.map): cannot open font map file
] [2] [3

]
Overfull \hbox (2.61108pt too wide) has occurred while \output is active
[] 
 []

[4

]
No file magisterska_timotej_gaspar.toc.
\tf@toc=\write3
[5]
Overfull \hbox (2.61108pt too wide) has occurred while \output is active
[] 
 []

[6

]
No file magisterska_timotej_gaspar.lof.
\tf@lof=\write4
[7]
Overfull \hbox (2.61108pt too wide) has occurred while \output is active
[] 
 []

[8

]
No file magisterska_timotej_gaspar.lot.
\tf@lot=\write5
[9]
Overfull \hbox (2.61108pt too wide) has occurred while \output is active
[] 
 []

[10

] (magisterska_timotej_gaspar.lof)
\tf@lof=\write6
 [11]
Overfull \hbox (2.61108pt too wide) has occurred while \output is active
[] 
 []

[12

] (magisterska_timotej_gaspar.lof)
\tf@lof=\write7
 [1

]
Overfull \hbox (2.61108pt too wide) has occurred while \output is active
[] 
 []

[2

] (magisterska_timotej_gaspar.lof)
\tf@lof=\write8
 [3]
Overfull \hbox (2.61108pt too wide) has occurred while \output is active
[] 
 []

[4

]
  1.

LaTeX Warning: Citation `miklavvcivc2010objavljanje' on page 5 undefined on inp
ut line 108.


LaTeX Warning: Citation `juvznivc1992diplomska' on page 5 undefined on input li
ne 109.

[5]
Overfull \hbox (2.61108pt too wide) has occurred while \output is active
[] 
 []

[6

]
  2.
[7]
Overfull \hbox (2.61108pt too wide) has occurred while \output is active
[] 
 []

[8

]
  3.
[9]
Overfull \hbox (2.61108pt too wide) has occurred while \output is active
[] 
 []

[10

]
  4.
Package epstopdf Info: Source file: <./Slike/vektorska_slika_1.eps>
(epstopdf)                    date: 2015-05-18 15:16:00
(epstopdf)                    size: 82596 bytes
(epstopdf)             Output file: <./Slike/vektorska_slika_1-eps-converted-to
.pdf>
(epstopdf)                    date: 2015-05-18 15:16:00
(epstopdf)                    size: 12876 bytes
(epstopdf)             Command: <epstopdf --outfile=./Slike/vektorska_slika_1-e
ps-converted-to.pdf ./Slike/vektorska_slika_1.eps>
(epstopdf)             \includegraphics on input line 143.
Package epstopdf Info: Output file is already uptodate.

<./Slike/vektorska_slika_1-eps-converted-to.pdf, id=82, 324.21124pt x 165.61874
pt>
File: ./Slike/vektorska_slika_1-eps-converted-to.pdf Graphic file (type pdf)
 <use ./Slike/vektorska_slika_1-eps-converted-to.pdf>
Package pdftex.def Info: ./Slike/vektorska_slika_1-eps-converted-to.pdf used on
 input line 143.
(pdftex.def)             Requested size: 324.21045pt x 165.61833pt.


LaTeX Warning: `h' float specifier changed to `ht'.


Underfull \vbox (badness 1325) has occurred while \output is active []

 [11 <./Slike/vektorska_slika_1-eps-converted-to.pdf>]
Overfull \hbox (2.61108pt too wide) has occurred while \output is active
[] 
 []

[12]
  5.
[13

]
Overfull \hbox (2.61108pt too wide) has occurred while \output is active
[] 
 []

[14

]
  6.
[15]
Overfull \hbox (2.61108pt too wide) has occurred while \output is active
[] 
 []

[16

]
  7.
No file magisterska_timotej_gaspar.bbl.
[17]
Overfull \hbox (2.61108pt too wide) has occurred while \output is active
[] 
 []

[18

] [19]
Overfull \hbox (2.61108pt too wide) has occurred while \output is active
[] 
 []

[20

]
  A.

! LaTeX Error: Something's wrong--perhaps a missing \item.

See the LaTeX manual or LaTeX Companion for explanation.
Type  H <return>  for immediate help.
