This is pdfTeX, Version 3.14159265-2.6-1.40.15 (MiKTeX 2.9) (preloaded format=latex 2015.5.18)  18 MAY 2015 16:33
entering extended mode
**Navodila.tex
(Navodila.tex
LaTeX2e <2015/01/01>
Babel <3.9l> and hyphenation patterns for 69 languages loaded.
("C:\Program Files\MiKTeX\tex\latex\base\book.cls"
Document Class: book 2014/09/29 v1.4h Standard LaTeX document class
("C:\Program Files\MiKTeX\tex\latex\base\bk12.clo"
File: bk12.clo 2014/09/29 v1.4h Standard LaTeX file (size option)
)
\c@part=\count79
\c@chapter=\count80
\c@section=\count81
\c@subsection=\count82
\c@subsubsection=\count83
\c@paragraph=\count84
\c@subparagraph=\count85
\c@figure=\count86
\c@table=\count87
\abovecaptionskip=\skip41
\belowcaptionskip=\skip42
\bibindent=\dimen102
)
("C:\Program Files\MiKTeX\tex\latex\base\inputenc.sty"
Package: inputenc 2015/03/17 v1.2c Input encoding file
\inpenc@prehook=\toks14
\inpenc@posthook=\toks15

("C:\Program Files\MiKTeX\tex\latex\base\cp1250.def"
File: cp1250.def 2015/03/17 v1.2c Input encoding file
))
("C:\Program Files\MiKTeX\tex\latex\babel\babel.sty"
Package: babel 2014/09/25 3.9l The Babel package

*************************************
* Local config file bblopts.cfg used
*
("C:\Program Files\MiKTeX\tex\latex\00miktex\bblopts.cfg"
File: bblopts.cfg 2006/07/31 v1.0 MiKTeX 'babel' configuration
)
("C:\Program Files\MiKTeX\tex\latex\babel-slovenian\Slovene.ldf"
Language: slovene 2005/03/31 v1.2m Slovene support from the babel system

("C:\Program Files\MiKTeX\tex\latex\babel\babel.def"
File: babel.def 2014/09/25 3.9l Babel common definitions
\babel@savecnt=\count88
\U@D=\dimen103
)
Package babel Info: Making " an active character on input line 79.
)) (UNI-LJ-FE-Diploma.sty

UNI-LJ-FE-Diploma stilska opcija V.1.0 junij 2013
Stilska opcija za diplome na Fakulteti za elektrotehniko Univerze v Ljubljani
Izvedena iz DOKT-STYLE OPTION V.1.01 9.1.1992
Avtor: Sa\v so Toma\v zi\v c
Dopolnil: Jus Kocijan 
Dopolnil: Ales Hribar 2006
Dopolnil: Sebastjan Slajpah, 2013
Dopolnil in pre\v cistil: Sa\v so Toma\v zi\v c, 2013

("C:\Program Files\MiKTeX\tex\latex\amsmath\amsmath.sty"
Package: amsmath 2013/01/14 v2.14 AMS math features
\@mathmargin=\skip43

For additional information on amsmath, use the `?' option.
("C:\Program Files\MiKTeX\tex\latex\amsmath\amstext.sty"
Package: amstext 2000/06/29 v2.01

("C:\Program Files\MiKTeX\tex\latex\amsmath\amsgen.sty"
File: amsgen.sty 1999/11/30 v2.0
\@emptytoks=\toks16
\ex@=\dimen104
))
("C:\Program Files\MiKTeX\tex\latex\amsmath\amsbsy.sty"
Package: amsbsy 1999/11/29 v1.2d
\pmbraise@=\dimen105
)
("C:\Program Files\MiKTeX\tex\latex\amsmath\amsopn.sty"
Package: amsopn 1999/12/14 v2.01 operator names
)
\inf@bad=\count89
LaTeX Info: Redefining \frac on input line 210.
\uproot@=\count90
\leftroot@=\count91
LaTeX Info: Redefining \overline on input line 306.
\classnum@=\count92
\DOTSCASE@=\count93
LaTeX Info: Redefining \ldots on input line 378.
LaTeX Info: Redefining \dots on input line 381.
LaTeX Info: Redefining \cdots on input line 466.
\Mathstrutbox@=\box26
\strutbox@=\box27
\big@size=\dimen106
LaTeX Font Info:    Redeclaring font encoding OML on input line 566.
LaTeX Font Info:    Redeclaring font encoding OMS on input line 567.
\macc@depth=\count94
\c@MaxMatrixCols=\count95
\dotsspace@=\muskip10
\c@parentequation=\count96
\dspbrk@lvl=\count97
\tag@help=\toks17
\row@=\count98
\column@=\count99
\maxfields@=\count100
\andhelp@=\toks18
\eqnshift@=\dimen107
\alignsep@=\dimen108
\tagshift@=\dimen109
\tagwidth@=\dimen110
\totwidth@=\dimen111
\lineht@=\dimen112
\@envbody=\toks19
\multlinegap=\skip44
\multlinetaggap=\skip45
\mathdisplay@stack=\toks20
LaTeX Info: Redefining \[ on input line 2665.
LaTeX Info: Redefining \] on input line 2666.
)
("C:\Program Files\MiKTeX\tex\latex\graphics\graphicx.sty"
Package: graphicx 2014/10/28 v1.0g Enhanced LaTeX Graphics (DPC,SPQR)

("C:\Program Files\MiKTeX\tex\latex\graphics\keyval.sty"
Package: keyval 2014/10/28 v1.15 key=value parser (DPC)
\KV@toks@=\toks21
)
("C:\Program Files\MiKTeX\tex\latex\graphics\graphics.sty"
Package: graphics 2014/10/28 v1.0p Standard LaTeX Graphics (DPC,SPQR)

("C:\Program Files\MiKTeX\tex\latex\graphics\trig.sty"
Package: trig 1999/03/16 v1.09 sin cos tan (DPC)
)
("C:\Program Files\MiKTeX\tex\latex\00miktex\graphics.cfg"
File: graphics.cfg 2007/01/18 v1.5 graphics configuration of teTeX/TeXLive
)
Package graphics Info: Driver file: dvips.def on input line 94.

("C:\Program Files\MiKTeX\tex\latex\graphics\dvips.def"
File: dvips.def 2014/10/14 v3.0j Driver-dependent file (DPC,SPQR)
))
\Gin@req@height=\dimen113
\Gin@req@width=\dimen114
)
("C:\Program Files\MiKTeX\tex\latex\oberdiek\epstopdf.sty"
Package: epstopdf 2010/02/09 v2.5 Conversion with epstopdf on the fly (HO)

("C:\Program Files\MiKTeX\tex\latex\oberdiek\epstopdf-base.sty"
Package: epstopdf-base 2010/02/09 v2.5 Base part for package epstopdf

("C:\Program Files\MiKTeX\tex\generic\oberdiek\infwarerr.sty"
Package: infwarerr 2010/04/08 v1.3 Providing info/warning/error messages (HO)
)
("C:\Program Files\MiKTeX\tex\latex\oberdiek\grfext.sty"
Package: grfext 2010/08/19 v1.1 Manage graphics extensions (HO)

("C:\Program Files\MiKTeX\tex\generic\oberdiek\kvdefinekeys.sty"
Package: kvdefinekeys 2011/04/07 v1.3 Define keys (HO)

("C:\Program Files\MiKTeX\tex\generic\oberdiek\ltxcmds.sty"
Package: ltxcmds 2011/11/09 v1.22 LaTeX kernel commands for general use (HO)
)))
("C:\Program Files\MiKTeX\tex\latex\oberdiek\kvoptions.sty"
Package: kvoptions 2011/06/30 v3.11 Key value format for package options (HO)

("C:\Program Files\MiKTeX\tex\generic\oberdiek\kvsetkeys.sty"
Package: kvsetkeys 2012/04/25 v1.16 Key value parser (HO)

("C:\Program Files\MiKTeX\tex\generic\oberdiek\etexcmds.sty"
Package: etexcmds 2011/02/16 v1.5 Avoid name clashes with e-TeX commands (HO)

("C:\Program Files\MiKTeX\tex\generic\oberdiek\ifluatex.sty"
Package: ifluatex 2010/03/01 v1.3 Provides the ifluatex switch (HO)
Package ifluatex Info: LuaTeX not detected.
)
Package etexcmds Info: Could not find \expanded.
(etexcmds)             That can mean that you are not using pdfTeX 1.50 or
(etexcmds)             that some package has redefined \expanded.
(etexcmds)             In the latter case, load this package earlier.
)))
("C:\Program Files\MiKTeX\tex\generic\oberdiek\pdftexcmds.sty"
Package: pdftexcmds 2011/11/29 v0.20 Utility functions of pdfTeX for LuaTeX (HO
)

("C:\Program Files\MiKTeX\tex\generic\oberdiek\ifpdf.sty"
Package: ifpdf 2011/01/30 v2.3 Provides the ifpdf switch (HO)
Package ifpdf Info: pdfTeX in PDF mode is not detected.
)
Package pdftexcmds Info: LuaTeX not detected.
Package pdftexcmds Info: \pdf@primitive is available.
Package pdftexcmds Info: \pdf@ifprimitive is available.
Package pdftexcmds Info: \pdfdraftmode is ignored in DVI mode.
)

Package epstopdf Warning: Drivers other than `pdftex.def' are not supported.

))
\epsffilein=\read1
\epsfxsize=\dimen115
\epsfysize=\dimen116
\epsftsize=\dimen117
\epsfrsize=\dimen118
\epsftmp=\dimen119
\pspoints=\dimen120
\xcelo=\count101
\xdec=\count102
\xxdec=\count103
\xxxdec=\count104
\ycelo=\count105
\ydec=\count106
\yydec=\count107
\yyydec=\count108
\tmpcount=\count109
) (Navodila.aux

LaTeX Warning: Label `prebojne_trdnosti' multiply defined.

)
LaTeX Font Info:    Checking defaults for OML/cmm/m/it on input line 33.
LaTeX Font Info:    ... okay on input line 33.
LaTeX Font Info:    Checking defaults for T1/cmr/m/n on input line 33.
LaTeX Font Info:    ... okay on input line 33.
LaTeX Font Info:    Checking defaults for OT1/cmr/m/n on input line 33.
LaTeX Font Info:    ... okay on input line 33.
LaTeX Font Info:    Checking defaults for OMS/cmsy/m/n on input line 33.
LaTeX Font Info:    ... okay on input line 33.
LaTeX Font Info:    Checking defaults for OMX/cmex/m/n on input line 33.
LaTeX Font Info:    ... okay on input line 33.
LaTeX Font Info:    Checking defaults for U/cmr/m/n on input line 33.
LaTeX Font Info:    ... okay on input line 33.
 [1


] [2] [3

]
Overfull \hbox (2.61108pt too wide) has occurred while \output is active
[] 
 []

[4

] (Navodila.toc)
\tf@toc=\write3
 [5]
Overfull \hbox (2.61108pt too wide) has occurred while \output is active
[] 
 []

[6

] (Navodila.lof)
\tf@lof=\write4
 [7]
Overfull \hbox (2.61108pt too wide) has occurred while \output is active
[] 
 []

[8

] (Navodila.lot)
\tf@lot=\write5
 [9]
Overfull \hbox (2.61108pt too wide) has occurred while \output is active
[] 
 []

[10

] (Navodila.lof)
\tf@lof=\write6
 [11]
Overfull \hbox (2.61108pt too wide) has occurred while \output is active
[] 
 []

[12

] (Navodila.lof)
\tf@lof=\write7
 [1

]
Overfull \hbox (2.61108pt too wide) has occurred while \output is active
[] 
 []

[2

] (Navodila.lof)
\tf@lof=\write8
 [3]
Overfull \hbox (2.61108pt too wide) has occurred while \output is active
[] 
 []

[4

]
  1.

LaTeX Warning: Citation `miklavvcivc2010objavljanje' on page 5 undefined on inp
ut line 141.


LaTeX Warning: Citation `juvznivc1992diplomska' on page 5 undefined on input li
ne 142.

[5]
Overfull \hbox (2.61108pt too wide) has occurred while \output is active
[] 
 []

[6

]
  2.
LaTeX Font Info:    Try loading font information for OMS+cmr on input line 166.

("C:\Program Files\MiKTeX\tex\latex\base\omscmr.fd"
File: omscmr.fd 2014/09/29 v2.5h Standard LaTeX font definitions
)
LaTeX Font Info:    Font shape `OMS/cmr/m/n' in size <12> not available
(Font)              Font shape `OMS/cmsy/m/n' tried instead on input line 166.
 [7]
Overfull \hbox (2.61108pt too wide) has occurred while \output is active
[] 
 []

[8]
  3.
[9

]
Overfull \hbox (2.61108pt too wide) has occurred while \output is active
[] 
 []

[10

]
  4.
[11]
Underfull \hbox (badness 1533) in paragraph at lines 222--223
[][]\OT1/cmr/m/n/12 Kandidat lahko z za-kljucno na-log kan-di-dira za Presern
ovo na-grado
 []


Overfull \hbox (2.61108pt too wide) has occurred while \output is active
[] 
 []

[12]
  5.
[13

]
Overfull \hbox (2.61108pt too wide) has occurred while \output is active
[] 
 []

[14]

LaTeX Warning: Reference `dodatekC' on page 15 undefined on input line 285.


Overfull \hbox (2.61108pt too wide) has occurred while \output is active
[] 
 []

[15]

LaTeX Warning: Citation `standard_sist_v' on page 16 undefined on input line 28
8.


LaTeX Warning: Citation `standard_sist_80000' on page 16 undefined on input lin
e 288.


LaTeX Warning: Citation `murovec2013' on page 16 undefined on input line 290.


LaTeX Warning: Citation `juvznivc1992diplomska' on page 16 undefined on input l
ine 300.


LaTeX Warning: Citation `kuscer1996' on page 16 undefined on input line 301.


LaTeX Warning: Citation `amrozic2012' on page 16 undefined on input line 302.


LaTeX Warning: Citation `bor2006' on page 16 undefined on input line 303.


LaTeX Warning: Citation `oven2013' on page 16 undefined on input line 305.


Overfull \hbox (2.61108pt too wide) has occurred while \output is active
[] 
 []

[16]
Overfull \hbox (2.61108pt too wide) has occurred while \output is active
[] 
 []

[17]

LaTeX Warning: Reference `dodatekC' on page 18 undefined on input line 349.

File: ./Slike/vektorska_slika_1.eps Graphic file (type eps)
<./Slike/vektorska_slika_1.eps>

LaTeX Warning: Citation `standard_sist_v' on page 18 undefined on input line 37
4.


LaTeX Warning: Citation `standard_sist_80000' on page 18 undefined on input lin
e 374.


Underfull \vbox (badness 1635) has occurred while \output is active []


Overfull \hbox (2.61108pt too wide) has occurred while \output is active
[] 
 []

[18]
Overfull \hbox (2.61108pt too wide) has occurred while \output is active
[] 
 []

[19]
Overfull \hbox (2.61108pt too wide) has occurred while \output is active
[] 
 []

[20]
  6.
[21

]
Overfull \hbox (2.61108pt too wide) has occurred while \output is active
[] 
 []

[22]
  7.
[23

]
Overfull \hbox (2.61108pt too wide) has occurred while \output is active
[] 
 []

[24]
  8.

LaTeX Warning: Citation `miklavvcivc2010objavljanje' on page 25 undefined on in
put line 471.


LaTeX Warning: Citation `juvznivc1992diplomska' on page 25 undefined on input l
ine 471.


LaTeX Warning: Citation `kuscer1996' on page 25 undefined on input line 471.

No file Navodila.bbl.
[25

]
Overfull \hbox (2.61108pt too wide) has occurred while \output is active
[] 
 []

[26

] [27]
Overfull \hbox (2.61108pt too wide) has occurred while \output is active
[] 
 []

[28

]
  A.

LaTeX Warning: Citation `oetiker1995not' on page 29 undefined on input line 492
.

[29]
Underfull \hbox (badness 10000) in paragraph at lines 537--537
[][]\OT1/cmr/m/n/10 http://www.jud.ct.gov/external/super/e-services/efile/How-t
o-Save-or-Convert-to-
 []


Overfull \hbox (2.61108pt too wide) has occurred while \output is active
[] 
 []

[30]
  B.
[31

]
Overfull \hbox (2.61108pt too wide) has occurred while \output is active
[] 
 []

[32

]
  C.
File: ./Slike/vektorska_slika_2.eps Graphic file (type eps)
<./Slike/vektorska_slika_2.eps>

LaTeX Warning: Reference `bitnaslika.png' on page 33 undefined on input line 60
3.


! LaTeX Error: Cannot determine size of graphic in ./Slike/bitnaslika.png (no B
oundingBox).

See the LaTeX manual or LaTeX Companion for explanation.
Type  H <return>  for immediate help.
 ...                                              
                                                  
l.607 vodenja}{bitnaslika.png}{9.4cm}{7.6cm}
                                            
? 
! Emergency stop.
 ...                                              
                                                  
l.607 vodenja}{bitnaslika.png}{9.4cm}{7.6cm}
                                            
Try typing  <return>  to proceed.
If that doesn't work, type  X <return>  to quit.

 
Here is how much of TeX's memory you used:
 2313 strings out of 493672
 30065 string characters out of 3145484
 97350 words of memory out of 3000000
 5594 multiletter control sequences out of 15000+200000
 17248 words of font info for 60 fonts, out of 3000000 for 9000
 1025 hyphenation exceptions out of 8191
 49i,11n,23p,962b,297s stack positions out of 5000i,500n,10000p,200000b,50000s
Output written on Navodila.dvi (44 pages, 52112 bytes).
